

Started GET "/assets/rails.png" for 127.0.0.1 at 2013-03-19 19:45:22 -0400
Connecting to database specified by database.yml
Served asset /rails.png - 200 OK (16ms)
Connecting to database specified by database.yml
Connecting to database specified by database.yml
  [1m[36m (0.0ms)[0m  [1mselect sqlite_version(*)[0m
  [1m[35m (4.0ms)[0m  CREATE TABLE "schema_migrations" ("version" varchar(255) NOT NULL) 
  [1m[36m (2.0ms)[0m  [1mCREATE UNIQUE INDEX "unique_schema_migrations" ON "schema_migrations" ("version")[0m
  [1m[35m (0.0ms)[0m  SELECT "schema_migrations"."version" FROM "schema_migrations" 
Migrating to CreateUsers (20130319235848)
  [1m[36m (0.0ms)[0m  [1mbegin transaction[0m
  [1m[35m (1.0ms)[0m  CREATE TABLE "users" ("id" INTEGER PRIMARY KEY AUTOINCREMENT NOT NULL, "mail" varchar(255), "password" varchar(255), "created_at" datetime NOT NULL, "updated_at" datetime NOT NULL) 
  [1m[36m (0.0ms)[0m  [1mINSERT INTO "schema_migrations" ("version") VALUES ('20130319235848')[0m
  [1m[35m (1.0ms)[0m  commit transaction
  [1m[36m (0.0ms)[0m  [1mSELECT "schema_migrations"."version" FROM "schema_migrations" [0m


Started GET "/assets/rails.png" for 127.0.0.1 at 2013-03-19 20:05:09 -0400
Served asset /rails.png - 304 Not Modified (0ms)
Connecting to database specified by database.yml
  [1m[36m (0.0ms)[0m  [1mSELECT "schema_migrations"."version" FROM "schema_migrations" [0m
Migrating to CreateUsers (20130319235848)
  [1m[35m (0.0ms)[0m  select sqlite_version(*)
  [1m[36m (0.0ms)[0m  [1mSELECT "schema_migrations"."version" FROM "schema_migrations" [0m


Started GET "/" for 127.0.0.1 at 2013-03-19 20:11:22 -0400
Connecting to database specified by database.yml
Processing by HomeController#index as HTML
  Rendered home/index.html.erb within layouts/application (68.0ms)
Completed 500 Internal Server Error in 135ms

ActionView::Template::Error (undefined method `each' for nil:NilClass):
    9:     <th></th>
    10:   </tr>
    11: 
    12: <% @users.each do |user| %>
    13:   <tr>
    14:     <td><%= user.mail %></td>
    15:     <td><%= user.password %></td>
  app/views/home/index.html.erb:12:in `_app_views_home_index_html_erb__280484596_40342656'
  app/controllers/home_controller.rb:4:in `index'


  Rendered c:/RailsInstaller/Ruby1.9.3/lib/ruby/gems/1.9.1/gems/actionpack-3.2.12/lib/action_dispatch/middleware/templates/rescues/_trace.erb (1.0ms)
  Rendered c:/RailsInstaller/Ruby1.9.3/lib/ruby/gems/1.9.1/gems/actionpack-3.2.12/lib/action_dispatch/middleware/templates/rescues/_request_and_response.erb (1.0ms)
  Rendered c:/RailsInstaller/Ruby1.9.3/lib/ruby/gems/1.9.1/gems/actionpack-3.2.12/lib/action_dispatch/middleware/templates/rescues/template_error.erb within rescues/layout (24.0ms)


Started GET "/" for 127.0.0.1 at 2013-03-19 20:12:59 -0400
Processing by HomeController#index as HTML
DEPRECATION WARNING: Passing a template handler in the template name is deprecated. You can simply remove the handler name or pass render :handlers => [:erb] instead. (called from c:in `find_template':)
  Rendered home/index.html.erb within layouts/application (2.0ms)
Completed 500 Internal Server Error in 8ms

ActionView::Template::Error (undefined method `each' for nil:NilClass):
    9:     <th></th>
    10:   </tr>
    11: 
    12: <% @users.each do |user| %>
    13:   <tr>
    14:     <td><%= user.mail %></td>
    15:     <td><%= user.password %></td>
  app/views/home/index.html.erb:12:in `_app_views_home_index_html_erb__280484596_37942032'
  app/controllers/home_controller.rb:4:in `index'


  Rendered c:/RailsInstaller/Ruby1.9.3/lib/ruby/gems/1.9.1/gems/actionpack-3.2.12/lib/action_dispatch/middleware/templates/rescues/_trace.erb (1.0ms)
  Rendered c:/RailsInstaller/Ruby1.9.3/lib/ruby/gems/1.9.1/gems/actionpack-3.2.12/lib/action_dispatch/middleware/templates/rescues/_request_and_response.erb (0.0ms)
  Rendered c:/RailsInstaller/Ruby1.9.3/lib/ruby/gems/1.9.1/gems/actionpack-3.2.12/lib/action_dispatch/middleware/templates/rescues/template_error.erb within rescues/layout (25.0ms)


Started GET "/" for 127.0.0.1 at 2013-03-19 20:12:59 -0400
Processing by HomeController#index as HTML
DEPRECATION WARNING: Passing a template handler in the template name is deprecated. You can simply remove the handler name or pass render :handlers => [:erb] instead. (called from c:in `find_template':)
  Rendered home/index.html.erb within layouts/application (1.0ms)
Completed 500 Internal Server Error in 6ms

ActionView::Template::Error (undefined method `each' for nil:NilClass):
    9:     <th></th>
    10:   </tr>
    11: 
    12: <% @users.each do |user| %>
    13:   <tr>
    14:     <td><%= user.mail %></td>
    15:     <td><%= user.password %></td>
  app/views/home/index.html.erb:12:in `_app_views_home_index_html_erb__280484596_37942032'
  app/controllers/home_controller.rb:4:in `index'


  Rendered c:/RailsInstaller/Ruby1.9.3/lib/ruby/gems/1.9.1/gems/actionpack-3.2.12/lib/action_dispatch/middleware/templates/rescues/_trace.erb (1.0ms)
  Rendered c:/RailsInstaller/Ruby1.9.3/lib/ruby/gems/1.9.1/gems/actionpack-3.2.12/lib/action_dispatch/middleware/templates/rescues/_request_and_response.erb (1.0ms)
  Rendered c:/RailsInstaller/Ruby1.9.3/lib/ruby/gems/1.9.1/gems/actionpack-3.2.12/lib/action_dispatch/middleware/templates/rescues/template_error.erb within rescues/layout (23.0ms)


Started GET "/" for 127.0.0.1 at 2013-03-19 20:13:00 -0400
Processing by HomeController#index as HTML
DEPRECATION WARNING: Passing a template handler in the template name is deprecated. You can simply remove the handler name or pass render :handlers => [:erb] instead. (called from c:in `find_template':)
  Rendered home/index.html.erb within layouts/application (2.0ms)
Completed 500 Internal Server Error in 6ms

ActionView::Template::Error (undefined method `each' for nil:NilClass):
    9:     <th></th>
    10:   </tr>
    11: 
    12: <% @users.each do |user| %>
    13:   <tr>
    14:     <td><%= user.mail %></td>
    15:     <td><%= user.password %></td>
  app/views/home/index.html.erb:12:in `_app_views_home_index_html_erb__280484596_37942032'
  app/controllers/home_controller.rb:4:in `index'


  Rendered c:/RailsInstaller/Ruby1.9.3/lib/ruby/gems/1.9.1/gems/actionpack-3.2.12/lib/action_dispatch/middleware/templates/rescues/_trace.erb (1.0ms)
  Rendered c:/RailsInstaller/Ruby1.9.3/lib/ruby/gems/1.9.1/gems/actionpack-3.2.12/lib/action_dispatch/middleware/templates/rescues/_request_and_response.erb (1.0ms)
  Rendered c:/RailsInstaller/Ruby1.9.3/lib/ruby/gems/1.9.1/gems/actionpack-3.2.12/lib/action_dispatch/middleware/templates/rescues/template_error.erb within rescues/layout (23.0ms)


Started GET "/" for 127.0.0.1 at 2013-03-19 20:13:00 -0400
Processing by HomeController#index as HTML
DEPRECATION WARNING: Passing a template handler in the template name is deprecated. You can simply remove the handler name or pass render :handlers => [:erb] instead. (called from c:in `find_template':)
  Rendered home/index.html.erb within layouts/application (2.0ms)
Completed 500 Internal Server Error in 6ms

ActionView::Template::Error (undefined method `each' for nil:NilClass):
    9:     <th></th>
    10:   </tr>
    11: 
    12: <% @users.each do |user| %>
    13:   <tr>
    14:     <td><%= user.mail %></td>
    15:     <td><%= user.password %></td>
  app/views/home/index.html.erb:12:in `_app_views_home_index_html_erb__280484596_37942032'
  app/controllers/home_controller.rb:4:in `index'


  Rendered c:/RailsInstaller/Ruby1.9.3/lib/ruby/gems/1.9.1/gems/actionpack-3.2.12/lib/action_dispatch/middleware/templates/rescues/_trace.erb (1.0ms)
  Rendered c:/RailsInstaller/Ruby1.9.3/lib/ruby/gems/1.9.1/gems/actionpack-3.2.12/lib/action_dispatch/middleware/templates/rescues/_request_and_response.erb (0.0ms)
  Rendered c:/RailsInstaller/Ruby1.9.3/lib/ruby/gems/1.9.1/gems/actionpack-3.2.12/lib/action_dispatch/middleware/templates/rescues/template_error.erb within rescues/layout (25.0ms)


Started GET "/" for 127.0.0.1 at 2013-03-19 20:13:01 -0400
Processing by HomeController#index as HTML
DEPRECATION WARNING: Passing a template handler in the template name is deprecated. You can simply remove the handler name or pass render :handlers => [:erb] instead. (called from c:in `find_template':)
  Rendered home/index.html.erb within layouts/application (2.0ms)
Completed 500 Internal Server Error in 6ms

ActionView::Template::Error (undefined method `each' for nil:NilClass):
    9:     <th></th>
    10:   </tr>
    11: 
    12: <% @users.each do |user| %>
    13:   <tr>
    14:     <td><%= user.mail %></td>
    15:     <td><%= user.password %></td>
  app/views/home/index.html.erb:12:in `_app_views_home_index_html_erb__280484596_37942032'
  app/controllers/home_controller.rb:4:in `index'


  Rendered c:/RailsInstaller/Ruby1.9.3/lib/ruby/gems/1.9.1/gems/actionpack-3.2.12/lib/action_dispatch/middleware/templates/rescues/_trace.erb (1.0ms)
  Rendered c:/RailsInstaller/Ruby1.9.3/lib/ruby/gems/1.9.1/gems/actionpack-3.2.12/lib/action_dispatch/middleware/templates/rescues/_request_and_response.erb (1.0ms)
  Rendered c:/RailsInstaller/Ruby1.9.3/lib/ruby/gems/1.9.1/gems/actionpack-3.2.12/lib/action_dispatch/middleware/templates/rescues/template_error.erb within rescues/layout (26.0ms)


Started GET "/" for 127.0.0.1 at 2013-03-19 20:13:01 -0400
Processing by HomeController#index as HTML
DEPRECATION WARNING: Passing a template handler in the template name is deprecated. You can simply remove the handler name or pass render :handlers => [:erb] instead. (called from c:in `find_template':)
  Rendered home/index.html.erb within layouts/application (1.0ms)
Completed 500 Internal Server Error in 6ms

ActionView::Template::Error (undefined method `each' for nil:NilClass):
    9:     <th></th>
    10:   </tr>
    11: 
    12: <% @users.each do |user| %>
    13:   <tr>
    14:     <td><%= user.mail %></td>
    15:     <td><%= user.password %></td>
  app/views/home/index.html.erb:12:in `_app_views_home_index_html_erb__280484596_37942032'
  app/controllers/home_controller.rb:4:in `index'


  Rendered c:/RailsInstaller/Ruby1.9.3/lib/ruby/gems/1.9.1/gems/actionpack-3.2.12/lib/action_dispatch/middleware/templates/rescues/_trace.erb (1.0ms)
  Rendered c:/RailsInstaller/Ruby1.9.3/lib/ruby/gems/1.9.1/gems/actionpack-3.2.12/lib/action_dispatch/middleware/templates/rescues/_request_and_response.erb (1.0ms)
  Rendered c:/RailsInstaller/Ruby1.9.3/lib/ruby/gems/1.9.1/gems/actionpack-3.2.12/lib/action_dispatch/middleware/templates/rescues/template_error.erb within rescues/layout (23.0ms)


Started GET "/" for 127.0.0.1 at 2013-03-19 20:13:01 -0400
Processing by HomeController#index as HTML
DEPRECATION WARNING: Passing a template handler in the template name is deprecated. You can simply remove the handler name or pass render :handlers => [:erb] instead. (called from c:in `find_template':)
  Rendered home/index.html.erb within layouts/application (1.0ms)
Completed 500 Internal Server Error in 6ms

ActionView::Template::Error (undefined method `each' for nil:NilClass):
    9:     <th></th>
    10:   </tr>
    11: 
    12: <% @users.each do |user| %>
    13:   <tr>
    14:     <td><%= user.mail %></td>
    15:     <td><%= user.password %></td>
  app/views/home/index.html.erb:12:in `_app_views_home_index_html_erb__280484596_37942032'
  app/controllers/home_controller.rb:4:in `index'


  Rendered c:/RailsInstaller/Ruby1.9.3/lib/ruby/gems/1.9.1/gems/actionpack-3.2.12/lib/action_dispatch/middleware/templates/rescues/_trace.erb (1.0ms)
  Rendered c:/RailsInstaller/Ruby1.9.3/lib/ruby/gems/1.9.1/gems/actionpack-3.2.12/lib/action_dispatch/middleware/templates/rescues/_request_and_response.erb (1.0ms)
  Rendered c:/RailsInstaller/Ruby1.9.3/lib/ruby/gems/1.9.1/gems/actionpack-3.2.12/lib/action_dispatch/middleware/templates/rescues/template_error.erb within rescues/layout (24.0ms)


Started GET "/" for 127.0.0.1 at 2013-03-19 20:13:01 -0400
Processing by HomeController#index as HTML
DEPRECATION WARNING: Passing a template handler in the template name is deprecated. You can simply remove the handler name or pass render :handlers => [:erb] instead. (called from c:in `find_template':)
  Rendered home/index.html.erb within layouts/application (1.0ms)
Completed 500 Internal Server Error in 6ms

ActionView::Template::Error (undefined method `each' for nil:NilClass):
    9:     <th></th>
    10:   </tr>
    11: 
    12: <% @users.each do |user| %>
    13:   <tr>
    14:     <td><%= user.mail %></td>
    15:     <td><%= user.password %></td>
  app/views/home/index.html.erb:12:in `_app_views_home_index_html_erb__280484596_37942032'
  app/controllers/home_controller.rb:4:in `index'


  Rendered c:/RailsInstaller/Ruby1.9.3/lib/ruby/gems/1.9.1/gems/actionpack-3.2.12/lib/action_dispatch/middleware/templates/rescues/_trace.erb (1.0ms)
  Rendered c:/RailsInstaller/Ruby1.9.3/lib/ruby/gems/1.9.1/gems/actionpack-3.2.12/lib/action_dispatch/middleware/templates/rescues/_request_and_response.erb (1.0ms)
  Rendered c:/RailsInstaller/Ruby1.9.3/lib/ruby/gems/1.9.1/gems/actionpack-3.2.12/lib/action_dispatch/middleware/templates/rescues/template_error.erb within rescues/layout (25.0ms)


Started GET "/" for 127.0.0.1 at 2013-03-19 20:13:01 -0400
Processing by HomeController#index as HTML
DEPRECATION WARNING: Passing a template handler in the template name is deprecated. You can simply remove the handler name or pass render :handlers => [:erb] instead. (called from c:in `find_template':)
  Rendered home/index.html.erb within layouts/application (1.0ms)
Completed 500 Internal Server Error in 6ms

ActionView::Template::Error (undefined method `each' for nil:NilClass):
    9:     <th></th>
    10:   </tr>
    11: 
    12: <% @users.each do |user| %>
    13:   <tr>
    14:     <td><%= user.mail %></td>
    15:     <td><%= user.password %></td>
  app/views/home/index.html.erb:12:in `_app_views_home_index_html_erb__280484596_37942032'
  app/controllers/home_controller.rb:4:in `index'


  Rendered c:/RailsInstaller/Ruby1.9.3/lib/ruby/gems/1.9.1/gems/actionpack-3.2.12/lib/action_dispatch/middleware/templates/rescues/_trace.erb (13.0ms)
  Rendered c:/RailsInstaller/Ruby1.9.3/lib/ruby/gems/1.9.1/gems/actionpack-3.2.12/lib/action_dispatch/middleware/templates/rescues/_request_and_response.erb (1.0ms)
  Rendered c:/RailsInstaller/Ruby1.9.3/lib/ruby/gems/1.9.1/gems/actionpack-3.2.12/lib/action_dispatch/middleware/templates/rescues/template_error.erb within rescues/layout (36.0ms)


Started GET "/" for 127.0.0.1 at 2013-03-19 20:13:01 -0400
Processing by HomeController#index as HTML
DEPRECATION WARNING: Passing a template handler in the template name is deprecated. You can simply remove the handler name or pass render :handlers => [:erb] instead. (called from c:in `find_template':)
  Rendered home/index.html.erb within layouts/application (1.0ms)
Completed 500 Internal Server Error in 6ms

ActionView::Template::Error (undefined method `each' for nil:NilClass):
    9:     <th></th>
    10:   </tr>
    11: 
    12: <% @users.each do |user| %>
    13:   <tr>
    14:     <td><%= user.mail %></td>
    15:     <td><%= user.password %></td>
  app/views/home/index.html.erb:12:in `_app_views_home_index_html_erb__280484596_37942032'
  app/controllers/home_controller.rb:4:in `index'


  Rendered c:/RailsInstaller/Ruby1.9.3/lib/ruby/gems/1.9.1/gems/actionpack-3.2.12/lib/action_dispatch/middleware/templates/rescues/_trace.erb (1.0ms)
  Rendered c:/RailsInstaller/Ruby1.9.3/lib/ruby/gems/1.9.1/gems/actionpack-3.2.12/lib/action_dispatch/middleware/templates/rescues/_request_and_response.erb (0.0ms)
  Rendered c:/RailsInstaller/Ruby1.9.3/lib/ruby/gems/1.9.1/gems/actionpack-3.2.12/lib/action_dispatch/middleware/templates/rescues/template_error.erb within rescues/layout (23.0ms)


Started GET "/" for 127.0.0.1 at 2013-03-19 20:13:01 -0400
Processing by HomeController#index as HTML
DEPRECATION WARNING: Passing a template handler in the template name is deprecated. You can simply remove the handler name or pass render :handlers => [:erb] instead. (called from c:in `find_template':)
  Rendered home/index.html.erb within layouts/application (1.0ms)
Completed 500 Internal Server Error in 7ms

ActionView::Template::Error (undefined method `each' for nil:NilClass):
    9:     <th></th>
    10:   </tr>
    11: 
    12: <% @users.each do |user| %>
    13:   <tr>
    14:     <td><%= user.mail %></td>
    15:     <td><%= user.password %></td>
  app/views/home/index.html.erb:12:in `_app_views_home_index_html_erb__280484596_37942032'
  app/controllers/home_controller.rb:4:in `index'


  Rendered c:/RailsInstaller/Ruby1.9.3/lib/ruby/gems/1.9.1/gems/actionpack-3.2.12/lib/action_dispatch/middleware/templates/rescues/_trace.erb (1.0ms)
  Rendered c:/RailsInstaller/Ruby1.9.3/lib/ruby/gems/1.9.1/gems/actionpack-3.2.12/lib/action_dispatch/middleware/templates/rescues/_request_and_response.erb (0.0ms)
  Rendered c:/RailsInstaller/Ruby1.9.3/lib/ruby/gems/1.9.1/gems/actionpack-3.2.12/lib/action_dispatch/middleware/templates/rescues/template_error.erb within rescues/layout (24.0ms)


Started GET "/" for 127.0.0.1 at 2013-03-19 20:13:02 -0400
Processing by HomeController#index as HTML
DEPRECATION WARNING: Passing a template handler in the template name is deprecated. You can simply remove the handler name or pass render :handlers => [:erb] instead. (called from c:in `find_template':)
  Rendered home/index.html.erb within layouts/application (2.0ms)
Completed 500 Internal Server Error in 8ms

ActionView::Template::Error (undefined method `each' for nil:NilClass):
    9:     <th></th>
    10:   </tr>
    11: 
    12: <% @users.each do |user| %>
    13:   <tr>
    14:     <td><%= user.mail %></td>
    15:     <td><%= user.password %></td>
  app/views/home/index.html.erb:12:in `_app_views_home_index_html_erb__280484596_37942032'
  app/controllers/home_controller.rb:4:in `index'


  Rendered c:/RailsInstaller/Ruby1.9.3/lib/ruby/gems/1.9.1/gems/actionpack-3.2.12/lib/action_dispatch/middleware/templates/rescues/_trace.erb (0.0ms)
  Rendered c:/RailsInstaller/Ruby1.9.3/lib/ruby/gems/1.9.1/gems/actionpack-3.2.12/lib/action_dispatch/middleware/templates/rescues/_request_and_response.erb (1.0ms)
  Rendered c:/RailsInstaller/Ruby1.9.3/lib/ruby/gems/1.9.1/gems/actionpack-3.2.12/lib/action_dispatch/middleware/templates/rescues/template_error.erb within rescues/layout (24.0ms)


Started GET "/" for 127.0.0.1 at 2013-03-19 20:13:02 -0400
Processing by HomeController#index as HTML
DEPRECATION WARNING: Passing a template handler in the template name is deprecated. You can simply remove the handler name or pass render :handlers => [:erb] instead. (called from c:in `find_template':)
  Rendered home/index.html.erb within layouts/application (2.0ms)
Completed 500 Internal Server Error in 6ms

ActionView::Template::Error (undefined method `each' for nil:NilClass):
    9:     <th></th>
    10:   </tr>
    11: 
    12: <% @users.each do |user| %>
    13:   <tr>
    14:     <td><%= user.mail %></td>
    15:     <td><%= user.password %></td>
  app/views/home/index.html.erb:12:in `_app_views_home_index_html_erb__280484596_37942032'
  app/controllers/home_controller.rb:4:in `index'


  Rendered c:/RailsInstaller/Ruby1.9.3/lib/ruby/gems/1.9.1/gems/actionpack-3.2.12/lib/action_dispatch/middleware/templates/rescues/_trace.erb (1.0ms)
  Rendered c:/RailsInstaller/Ruby1.9.3/lib/ruby/gems/1.9.1/gems/actionpack-3.2.12/lib/action_dispatch/middleware/templates/rescues/_request_and_response.erb (1.0ms)
  Rendered c:/RailsInstaller/Ruby1.9.3/lib/ruby/gems/1.9.1/gems/actionpack-3.2.12/lib/action_dispatch/middleware/templates/rescues/template_error.erb within rescues/layout (25.0ms)


Started GET "/" for 127.0.0.1 at 2013-03-19 20:13:02 -0400
Processing by HomeController#index as HTML
DEPRECATION WARNING: Passing a template handler in the template name is deprecated. You can simply remove the handler name or pass render :handlers => [:erb] instead. (called from c:in `find_template':)
  Rendered home/index.html.erb within layouts/application (2.0ms)
Completed 500 Internal Server Error in 7ms

ActionView::Template::Error (undefined method `each' for nil:NilClass):
    9:     <th></th>
    10:   </tr>
    11: 
    12: <% @users.each do |user| %>
    13:   <tr>
    14:     <td><%= user.mail %></td>
    15:     <td><%= user.password %></td>
  app/views/home/index.html.erb:12:in `_app_views_home_index_html_erb__280484596_37942032'
  app/controllers/home_controller.rb:4:in `index'


  Rendered c:/RailsInstaller/Ruby1.9.3/lib/ruby/gems/1.9.1/gems/actionpack-3.2.12/lib/action_dispatch/middleware/templates/rescues/_trace.erb (1.0ms)
  Rendered c:/RailsInstaller/Ruby1.9.3/lib/ruby/gems/1.9.1/gems/actionpack-3.2.12/lib/action_dispatch/middleware/templates/rescues/_request_and_response.erb (0.0ms)
  Rendered c:/RailsInstaller/Ruby1.9.3/lib/ruby/gems/1.9.1/gems/actionpack-3.2.12/lib/action_dispatch/middleware/templates/rescues/template_error.erb within rescues/layout (26.0ms)


Started GET "/" for 127.0.0.1 at 2013-03-19 20:13:02 -0400
Processing by HomeController#index as HTML
DEPRECATION WARNING: Passing a template handler in the template name is deprecated. You can simply remove the handler name or pass render :handlers => [:erb] instead. (called from c:in `find_template':)
  Rendered home/index.html.erb within layouts/application (2.0ms)
Completed 500 Internal Server Error in 6ms

ActionView::Template::Error (undefined method `each' for nil:NilClass):
    9:     <th></th>
    10:   </tr>
    11: 
    12: <% @users.each do |user| %>
    13:   <tr>
    14:     <td><%= user.mail %></td>
    15:     <td><%= user.password %></td>
  app/views/home/index.html.erb:12:in `_app_views_home_index_html_erb__280484596_37942032'
  app/controllers/home_controller.rb:4:in `index'


  Rendered c:/RailsInstaller/Ruby1.9.3/lib/ruby/gems/1.9.1/gems/actionpack-3.2.12/lib/action_dispatch/middleware/templates/rescues/_trace.erb (1.0ms)
  Rendered c:/RailsInstaller/Ruby1.9.3/lib/ruby/gems/1.9.1/gems/actionpack-3.2.12/lib/action_dispatch/middleware/templates/rescues/_request_and_response.erb (1.0ms)
  Rendered c:/RailsInstaller/Ruby1.9.3/lib/ruby/gems/1.9.1/gems/actionpack-3.2.12/lib/action_dispatch/middleware/templates/rescues/template_error.erb within rescues/layout (25.0ms)


Started GET "/" for 127.0.0.1 at 2013-03-19 20:13:02 -0400
Processing by HomeController#index as HTML
DEPRECATION WARNING: Passing a template handler in the template name is deprecated. You can simply remove the handler name or pass render :handlers => [:erb] instead. (called from c:in `find_template':)
  Rendered home/index.html.erb within layouts/application (1.0ms)
Completed 500 Internal Server Error in 6ms

ActionView::Template::Error (undefined method `each' for nil:NilClass):
    9:     <th></th>
    10:   </tr>
    11: 
    12: <% @users.each do |user| %>
    13:   <tr>
    14:     <td><%= user.mail %></td>
    15:     <td><%= user.password %></td>
  app/views/home/index.html.erb:12:in `_app_views_home_index_html_erb__280484596_37942032'
  app/controllers/home_controller.rb:4:in `index'


  Rendered c:/RailsInstaller/Ruby1.9.3/lib/ruby/gems/1.9.1/gems/actionpack-3.2.12/lib/action_dispatch/middleware/templates/rescues/_trace.erb (1.0ms)
  Rendered c:/RailsInstaller/Ruby1.9.3/lib/ruby/gems/1.9.1/gems/actionpack-3.2.12/lib/action_dispatch/middleware/templates/rescues/_request_and_response.erb (1.0ms)
  Rendered c:/RailsInstaller/Ruby1.9.3/lib/ruby/gems/1.9.1/gems/actionpack-3.2.12/lib/action_dispatch/middleware/templates/rescues/template_error.erb within rescues/layout (25.0ms)


Started GET "/" for 127.0.0.1 at 2013-03-19 20:13:03 -0400
Processing by HomeController#index as HTML
DEPRECATION WARNING: Passing a template handler in the template name is deprecated. You can simply remove the handler name or pass render :handlers => [:erb] instead. (called from c:in `find_template':)
  Rendered home/index.html.erb within layouts/application (2.0ms)
Completed 500 Internal Server Error in 6ms

ActionView::Template::Error (undefined method `each' for nil:NilClass):
    9:     <th></th>
    10:   </tr>
    11: 
    12: <% @users.each do |user| %>
    13:   <tr>
    14:     <td><%= user.mail %></td>
    15:     <td><%= user.password %></td>
  app/views/home/index.html.erb:12:in `_app_views_home_index_html_erb__280484596_37942032'
  app/controllers/home_controller.rb:4:in `index'


  Rendered c:/RailsInstaller/Ruby1.9.3/lib/ruby/gems/1.9.1/gems/actionpack-3.2.12/lib/action_dispatch/middleware/templates/rescues/_trace.erb (1.0ms)
  Rendered c:/RailsInstaller/Ruby1.9.3/lib/ruby/gems/1.9.1/gems/actionpack-3.2.12/lib/action_dispatch/middleware/templates/rescues/_request_and_response.erb (1.0ms)
  Rendered c:/RailsInstaller/Ruby1.9.3/lib/ruby/gems/1.9.1/gems/actionpack-3.2.12/lib/action_dispatch/middleware/templates/rescues/template_error.erb within rescues/layout (24.0ms)


Started GET "/" for 127.0.0.1 at 2013-03-19 20:13:19 -0400
Processing by HomeController#index as HTML
DEPRECATION WARNING: Passing a template handler in the template name is deprecated. You can simply remove the handler name or pass render :handlers => [:erb] instead. (called from c:in `find_template':)
  Rendered home/index.html.erb within layouts/application (0.0ms)
Completed 500 Internal Server Error in 1805ms

ActionView::Template::Error (An @import loop has been found: c:/users/tomas/documents/github/megaupload/app/assets/stylesheets/bootstrap.css.scss imports itself
  (in c:/users/tomas/documents/github/megaupload/app/assets/stylesheets/bootstrap.css.scss)):
    6:     <title><%= content_for?(:title) ? yield(:title) : "Myapp" %></title>
    7:     <meta name="description" content="">
    8:     <meta name="author" content="">
    9:     <%= stylesheet_link_tag "application", :media => "all" %>
    10:     <%= javascript_include_tag "application" %>
    11:     <%= csrf_meta_tags %>
    12:     <%= yield(:head) %>
  app/assets/stylesheets/bootstrap.css.scss:1
  app/assets/stylesheets/bootstrap.css.scss:1
  app/views/layouts/application.html.erb:9:in `_app_views_layouts_application_html_erb___702639597_40356456'
  app/controllers/home_controller.rb:4:in `index'


  Rendered c:/RailsInstaller/Ruby1.9.3/lib/ruby/gems/1.9.1/gems/actionpack-3.2.12/lib/action_dispatch/middleware/templates/rescues/_trace.erb (1.0ms)
  Rendered c:/RailsInstaller/Ruby1.9.3/lib/ruby/gems/1.9.1/gems/actionpack-3.2.12/lib/action_dispatch/middleware/templates/rescues/_request_and_response.erb (1.0ms)
  Rendered c:/RailsInstaller/Ruby1.9.3/lib/ruby/gems/1.9.1/gems/actionpack-3.2.12/lib/action_dispatch/middleware/templates/rescues/template_error.erb within rescues/layout (24.0ms)


Started GET "/" for 127.0.0.1 at 2013-03-19 20:14:44 -0400
Processing by HomeController#index as HTML
DEPRECATION WARNING: Passing a template handler in the template name is deprecated. You can simply remove the handler name or pass render :handlers => [:erb] instead. (called from c:in `find_template':)
  Rendered home/index.html.erb within layouts/application (0.0ms)
Compiled bootstrap.css  (1658ms)  (pid 8480)
Compiled home.css  (3ms)  (pid 8480)
Compiled scaffolds.css  (8ms)  (pid 8480)
Compiled users.css  (0ms)  (pid 8480)
Compiled application.css  (1770ms)  (pid 8480)
Compiled jquery.js  (3ms)  (pid 8480)
Compiled jquery_ujs.js  (0ms)  (pid 8480)
Compiled bootstrap-transition.js  (0ms)  (pid 8480)
Compiled bootstrap-affix.js  (0ms)  (pid 8480)
Compiled bootstrap-alert.js  (0ms)  (pid 8480)
Compiled bootstrap-button.js  (0ms)  (pid 8480)
Compiled bootstrap-carousel.js  (1ms)  (pid 8480)
Compiled bootstrap-collapse.js  (0ms)  (pid 8480)
Compiled bootstrap-dropdown.js  (0ms)  (pid 8480)
Compiled bootstrap-modal.js  (0ms)  (pid 8480)
Compiled bootstrap-scrollspy.js  (0ms)  (pid 8480)
Compiled bootstrap-tab.js  (0ms)  (pid 8480)
Compiled bootstrap-tooltip.js  (0ms)  (pid 8480)
Compiled bootstrap-popover.js  (0ms)  (pid 8480)
Compiled bootstrap-typeahead.js  (0ms)  (pid 8480)
Compiled bootstrap.js  (327ms)  (pid 8480)
Compiled home.js  (325ms)  (pid 8480)
Compiled users.js  (228ms)  (pid 8480)
Compiled application.js  (1058ms)  (pid 8480)
Completed 500 Internal Server Error in 3047ms

ActionView::Template::Error (Missing partial layouts/navigation with {:locale=>[:en], :formats=>[:html], :handlers=>[:erb, :builder, :coffee]}. Searched in:
  * "c:/users/tomas/documents/github/megaupload/app/views"
):
    15:     <header class="navbar navbar-fixed-top">
    16:       <nav class="navbar-inner">
    17:         <div class="container">
    18:           <%= render 'layouts/navigation' %>
    19:         </div>
    20:       </nav>
    21:     </header>
  app/views/layouts/application.html.erb:18:in `_app_views_layouts_application_html_erb___702639597_40356456'
  app/controllers/home_controller.rb:4:in `index'


  Rendered c:/RailsInstaller/Ruby1.9.3/lib/ruby/gems/1.9.1/gems/actionpack-3.2.12/lib/action_dispatch/middleware/templates/rescues/_trace.erb (1.0ms)
  Rendered c:/RailsInstaller/Ruby1.9.3/lib/ruby/gems/1.9.1/gems/actionpack-3.2.12/lib/action_dispatch/middleware/templates/rescues/_request_and_response.erb (1.0ms)
  Rendered c:/RailsInstaller/Ruby1.9.3/lib/ruby/gems/1.9.1/gems/actionpack-3.2.12/lib/action_dispatch/middleware/templates/rescues/template_error.erb within rescues/layout (25.0ms)


Started GET "/" for 127.0.0.1 at 2013-03-19 20:18:52 -0400
Processing by HomeController#index as HTML
DEPRECATION WARNING: Passing a template handler in the template name is deprecated. You can simply remove the handler name or pass render :handlers => [:erb] instead. (called from c:in `find_template':)
  Rendered home/index.html.erb within layouts/application (0.0ms)
Compiled bootstrap-responsive.css  (0ms)  (pid 8480)
Compiled bootstrap-responsive.min.css  (1ms)  (pid 8480)
Compiled bootstrap.min.css  (0ms)  (pid 8480)
Compiled application.css  (84ms)  (pid 8480)
Compiled bootstrap.js  (0ms)  (pid 8480)
Compiled bootstrap.min.js  (0ms)  (pid 8480)
Compiled application.js  (43ms)  (pid 8480)
Completed 500 Internal Server Error in 249ms

ActionView::Template::Error (Missing partial layouts/navigation with {:locale=>[:en], :formats=>[:html], :handlers=>[:erb, :builder, :coffee]}. Searched in:
  * "c:/users/tomas/documents/github/megaupload/app/views"
):
    15:     <header class="navbar navbar-fixed-top">
    16:       <nav class="navbar-inner">
    17:         <div class="container">
    18:           <%= render 'layouts/navigation' %>
    19:         </div>
    20:       </nav>
    21:     </header>
  app/views/layouts/application.html.erb:18:in `_app_views_layouts_application_html_erb___702639597_40356456'
  app/controllers/home_controller.rb:4:in `index'


  Rendered c:/RailsInstaller/Ruby1.9.3/lib/ruby/gems/1.9.1/gems/actionpack-3.2.12/lib/action_dispatch/middleware/templates/rescues/_trace.erb (1.0ms)
  Rendered c:/RailsInstaller/Ruby1.9.3/lib/ruby/gems/1.9.1/gems/actionpack-3.2.12/lib/action_dispatch/middleware/templates/rescues/_request_and_response.erb (0.0ms)
  Rendered c:/RailsInstaller/Ruby1.9.3/lib/ruby/gems/1.9.1/gems/actionpack-3.2.12/lib/action_dispatch/middleware/templates/rescues/template_error.erb within rescues/layout (24.0ms)


Started GET "/" for 127.0.0.1 at 2013-03-19 20:18:53 -0400
Processing by HomeController#index as HTML
DEPRECATION WARNING: Passing a template handler in the template name is deprecated. You can simply remove the handler name or pass render :handlers => [:erb] instead. (called from c:in `find_template':)
  Rendered home/index.html.erb within layouts/application (0.0ms)
Completed 500 Internal Server Error in 16ms

ActionView::Template::Error (Missing partial layouts/navigation with {:locale=>[:en], :formats=>[:html], :handlers=>[:erb, :builder, :coffee]}. Searched in:
  * "c:/users/tomas/documents/github/megaupload/app/views"
):
    15:     <header class="navbar navbar-fixed-top">
    16:       <nav class="navbar-inner">
    17:         <div class="container">
    18:           <%= render 'layouts/navigation' %>
    19:         </div>
    20:       </nav>
    21:     </header>
  app/views/layouts/application.html.erb:18:in `_app_views_layouts_application_html_erb___702639597_40356456'
  app/controllers/home_controller.rb:4:in `index'


  Rendered c:/RailsInstaller/Ruby1.9.3/lib/ruby/gems/1.9.1/gems/actionpack-3.2.12/lib/action_dispatch/middleware/templates/rescues/_trace.erb (1.0ms)
  Rendered c:/RailsInstaller/Ruby1.9.3/lib/ruby/gems/1.9.1/gems/actionpack-3.2.12/lib/action_dispatch/middleware/templates/rescues/_request_and_response.erb (1.0ms)
  Rendered c:/RailsInstaller/Ruby1.9.3/lib/ruby/gems/1.9.1/gems/actionpack-3.2.12/lib/action_dispatch/middleware/templates/rescues/template_error.erb within rescues/layout (23.0ms)


Started GET "/" for 127.0.0.1 at 2013-03-19 20:18:53 -0400
Processing by HomeController#index as HTML
DEPRECATION WARNING: Passing a template handler in the template name is deprecated. You can simply remove the handler name or pass render :handlers => [:erb] instead. (called from c:in `find_template':)
  Rendered home/index.html.erb within layouts/application (0.0ms)
Completed 500 Internal Server Error in 20ms

ActionView::Template::Error (Missing partial layouts/navigation with {:locale=>[:en], :formats=>[:html], :handlers=>[:erb, :builder, :coffee]}. Searched in:
  * "c:/users/tomas/documents/github/megaupload/app/views"
):
    15:     <header class="navbar navbar-fixed-top">
    16:       <nav class="navbar-inner">
    17:         <div class="container">
    18:           <%= render 'layouts/navigation' %>
    19:         </div>
    20:       </nav>
    21:     </header>
  app/views/layouts/application.html.erb:18:in `_app_views_layouts_application_html_erb___702639597_40356456'
  app/controllers/home_controller.rb:4:in `index'


  Rendered c:/RailsInstaller/Ruby1.9.3/lib/ruby/gems/1.9.1/gems/actionpack-3.2.12/lib/action_dispatch/middleware/templates/rescues/_trace.erb (1.0ms)
  Rendered c:/RailsInstaller/Ruby1.9.3/lib/ruby/gems/1.9.1/gems/actionpack-3.2.12/lib/action_dispatch/middleware/templates/rescues/_request_and_response.erb (1.0ms)
  Rendered c:/RailsInstaller/Ruby1.9.3/lib/ruby/gems/1.9.1/gems/actionpack-3.2.12/lib/action_dispatch/middleware/templates/rescues/template_error.erb within rescues/layout (28.0ms)


Started GET "/" for 127.0.0.1 at 2013-03-19 20:18:54 -0400
Processing by HomeController#index as HTML
DEPRECATION WARNING: Passing a template handler in the template name is deprecated. You can simply remove the handler name or pass render :handlers => [:erb] instead. (called from c:in `find_template':)
  Rendered home/index.html.erb within layouts/application (0.0ms)
Completed 500 Internal Server Error in 20ms

ActionView::Template::Error (Missing partial layouts/navigation with {:locale=>[:en], :formats=>[:html], :handlers=>[:erb, :builder, :coffee]}. Searched in:
  * "c:/users/tomas/documents/github/megaupload/app/views"
):
    15:     <header class="navbar navbar-fixed-top">
    16:       <nav class="navbar-inner">
    17:         <div class="container">
    18:           <%= render 'layouts/navigation' %>
    19:         </div>
    20:       </nav>
    21:     </header>
  app/views/layouts/application.html.erb:18:in `_app_views_layouts_application_html_erb___702639597_40356456'
  app/controllers/home_controller.rb:4:in `index'


  Rendered c:/RailsInstaller/Ruby1.9.3/lib/ruby/gems/1.9.1/gems/actionpack-3.2.12/lib/action_dispatch/middleware/templates/rescues/_trace.erb (1.0ms)
  Rendered c:/RailsInstaller/Ruby1.9.3/lib/ruby/gems/1.9.1/gems/actionpack-3.2.12/lib/action_dispatch/middleware/templates/rescues/_request_and_response.erb (0.0ms)
  Rendered c:/RailsInstaller/Ruby1.9.3/lib/ruby/gems/1.9.1/gems/actionpack-3.2.12/lib/action_dispatch/middleware/templates/rescues/template_error.erb within rescues/layout (24.0ms)


Started GET "/" for 127.0.0.1 at 2013-03-19 20:18:54 -0400
Processing by HomeController#index as HTML
DEPRECATION WARNING: Passing a template handler in the template name is deprecated. You can simply remove the handler name or pass render :handlers => [:erb] instead. (called from c:in `find_template':)
  Rendered home/index.html.erb within layouts/application (0.0ms)
Completed 500 Internal Server Error in 16ms

ActionView::Template::Error (Missing partial layouts/navigation with {:locale=>[:en], :formats=>[:html], :handlers=>[:erb, :builder, :coffee]}. Searched in:
  * "c:/users/tomas/documents/github/megaupload/app/views"
):
    15:     <header class="navbar navbar-fixed-top">
    16:       <nav class="navbar-inner">
    17:         <div class="container">
    18:           <%= render 'layouts/navigation' %>
    19:         </div>
    20:       </nav>
    21:     </header>
  app/views/layouts/application.html.erb:18:in `_app_views_layouts_application_html_erb___702639597_40356456'
  app/controllers/home_controller.rb:4:in `index'


  Rendered c:/RailsInstaller/Ruby1.9.3/lib/ruby/gems/1.9.1/gems/actionpack-3.2.12/lib/action_dispatch/middleware/templates/rescues/_trace.erb (1.0ms)
  Rendered c:/RailsInstaller/Ruby1.9.3/lib/ruby/gems/1.9.1/gems/actionpack-3.2.12/lib/action_dispatch/middleware/templates/rescues/_request_and_response.erb (0.0ms)
  Rendered c:/RailsInstaller/Ruby1.9.3/lib/ruby/gems/1.9.1/gems/actionpack-3.2.12/lib/action_dispatch/middleware/templates/rescues/template_error.erb within rescues/layout (39.0ms)


Started GET "/" for 127.0.0.1 at 2013-03-19 20:18:54 -0400
Processing by HomeController#index as HTML
DEPRECATION WARNING: Passing a template handler in the template name is deprecated. You can simply remove the handler name or pass render :handlers => [:erb] instead. (called from c:in `find_template':)
  Rendered home/index.html.erb within layouts/application (0.0ms)
Completed 500 Internal Server Error in 16ms

ActionView::Template::Error (Missing partial layouts/navigation with {:locale=>[:en], :formats=>[:html], :handlers=>[:erb, :builder, :coffee]}. Searched in:
  * "c:/users/tomas/documents/github/megaupload/app/views"
):
    15:     <header class="navbar navbar-fixed-top">
    16:       <nav class="navbar-inner">
    17:         <div class="container">
    18:           <%= render 'layouts/navigation' %>
    19:         </div>
    20:       </nav>
    21:     </header>
  app/views/layouts/application.html.erb:18:in `_app_views_layouts_application_html_erb___702639597_40356456'
  app/controllers/home_controller.rb:4:in `index'


  Rendered c:/RailsInstaller/Ruby1.9.3/lib/ruby/gems/1.9.1/gems/actionpack-3.2.12/lib/action_dispatch/middleware/templates/rescues/_trace.erb (1.0ms)
  Rendered c:/RailsInstaller/Ruby1.9.3/lib/ruby/gems/1.9.1/gems/actionpack-3.2.12/lib/action_dispatch/middleware/templates/rescues/_request_and_response.erb (0.0ms)
  Rendered c:/RailsInstaller/Ruby1.9.3/lib/ruby/gems/1.9.1/gems/actionpack-3.2.12/lib/action_dispatch/middleware/templates/rescues/template_error.erb within rescues/layout (24.0ms)


Started GET "/" for 127.0.0.1 at 2013-03-19 20:18:54 -0400
Processing by HomeController#index as HTML
DEPRECATION WARNING: Passing a template handler in the template name is deprecated. You can simply remove the handler name or pass render :handlers => [:erb] instead. (called from c:in `find_template':)
  Rendered home/index.html.erb within layouts/application (0.0ms)
Completed 500 Internal Server Error in 16ms

ActionView::Template::Error (Missing partial layouts/navigation with {:locale=>[:en], :formats=>[:html], :handlers=>[:erb, :builder, :coffee]}. Searched in:
  * "c:/users/tomas/documents/github/megaupload/app/views"
):
    15:     <header class="navbar navbar-fixed-top">
    16:       <nav class="navbar-inner">
    17:         <div class="container">
    18:           <%= render 'layouts/navigation' %>
    19:         </div>
    20:       </nav>
    21:     </header>
  app/views/layouts/application.html.erb:18:in `_app_views_layouts_application_html_erb___702639597_40356456'
  app/controllers/home_controller.rb:4:in `index'


  Rendered c:/RailsInstaller/Ruby1.9.3/lib/ruby/gems/1.9.1/gems/actionpack-3.2.12/lib/action_dispatch/middleware/templates/rescues/_trace.erb (0.0ms)
  Rendered c:/RailsInstaller/Ruby1.9.3/lib/ruby/gems/1.9.1/gems/actionpack-3.2.12/lib/action_dispatch/middleware/templates/rescues/_request_and_response.erb (1.0ms)
  Rendered c:/RailsInstaller/Ruby1.9.3/lib/ruby/gems/1.9.1/gems/actionpack-3.2.12/lib/action_dispatch/middleware/templates/rescues/template_error.erb within rescues/layout (27.0ms)


Started GET "/" for 127.0.0.1 at 2013-03-19 20:18:54 -0400
Processing by HomeController#index as HTML
DEPRECATION WARNING: Passing a template handler in the template name is deprecated. You can simply remove the handler name or pass render :handlers => [:erb] instead. (called from c:in `find_template':)
  Rendered home/index.html.erb within layouts/application (0.0ms)
Completed 500 Internal Server Error in 15ms

ActionView::Template::Error (Missing partial layouts/navigation with {:locale=>[:en], :formats=>[:html], :handlers=>[:erb, :builder, :coffee]}. Searched in:
  * "c:/users/tomas/documents/github/megaupload/app/views"
):
    15:     <header class="navbar navbar-fixed-top">
    16:       <nav class="navbar-inner">
    17:         <div class="container">
    18:           <%= render 'layouts/navigation' %>
    19:         </div>
    20:       </nav>
    21:     </header>
  app/views/layouts/application.html.erb:18:in `_app_views_layouts_application_html_erb___702639597_40356456'
  app/controllers/home_controller.rb:4:in `index'


  Rendered c:/RailsInstaller/Ruby1.9.3/lib/ruby/gems/1.9.1/gems/actionpack-3.2.12/lib/action_dispatch/middleware/templates/rescues/_trace.erb (1.0ms)
  Rendered c:/RailsInstaller/Ruby1.9.3/lib/ruby/gems/1.9.1/gems/actionpack-3.2.12/lib/action_dispatch/middleware/templates/rescues/_request_and_response.erb (1.0ms)
  Rendered c:/RailsInstaller/Ruby1.9.3/lib/ruby/gems/1.9.1/gems/actionpack-3.2.12/lib/action_dispatch/middleware/templates/rescues/template_error.erb within rescues/layout (24.0ms)


Started GET "/" for 127.0.0.1 at 2013-03-19 20:18:55 -0400
Processing by HomeController#index as HTML
DEPRECATION WARNING: Passing a template handler in the template name is deprecated. You can simply remove the handler name or pass render :handlers => [:erb] instead. (called from c:in `find_template':)
  Rendered home/index.html.erb within layouts/application (0.0ms)
Completed 500 Internal Server Error in 16ms

ActionView::Template::Error (Missing partial layouts/navigation with {:locale=>[:en], :formats=>[:html], :handlers=>[:erb, :builder, :coffee]}. Searched in:
  * "c:/users/tomas/documents/github/megaupload/app/views"
):
    15:     <header class="navbar navbar-fixed-top">
    16:       <nav class="navbar-inner">
    17:         <div class="container">
    18:           <%= render 'layouts/navigation' %>
    19:         </div>
    20:       </nav>
    21:     </header>
  app/views/layouts/application.html.erb:18:in `_app_views_layouts_application_html_erb___702639597_40356456'
  app/controllers/home_controller.rb:4:in `index'


  Rendered c:/RailsInstaller/Ruby1.9.3/lib/ruby/gems/1.9.1/gems/actionpack-3.2.12/lib/action_dispatch/middleware/templates/rescues/_trace.erb (1.0ms)
  Rendered c:/RailsInstaller/Ruby1.9.3/lib/ruby/gems/1.9.1/gems/actionpack-3.2.12/lib/action_dispatch/middleware/templates/rescues/_request_and_response.erb (1.0ms)
  Rendered c:/RailsInstaller/Ruby1.9.3/lib/ruby/gems/1.9.1/gems/actionpack-3.2.12/lib/action_dispatch/middleware/templates/rescues/template_error.erb within rescues/layout (24.0ms)


Started GET "/" for 127.0.0.1 at 2013-03-19 20:18:55 -0400
Processing by HomeController#index as HTML
DEPRECATION WARNING: Passing a template handler in the template name is deprecated. You can simply remove the handler name or pass render :handlers => [:erb] instead. (called from c:in `find_template':)
  Rendered home/index.html.erb within layouts/application (0.0ms)
Completed 500 Internal Server Error in 16ms

ActionView::Template::Error (Missing partial layouts/navigation with {:locale=>[:en], :formats=>[:html], :handlers=>[:erb, :builder, :coffee]}. Searched in:
  * "c:/users/tomas/documents/github/megaupload/app/views"
):
    15:     <header class="navbar navbar-fixed-top">
    16:       <nav class="navbar-inner">
    17:         <div class="container">
    18:           <%= render 'layouts/navigation' %>
    19:         </div>
    20:       </nav>
    21:     </header>
  app/views/layouts/application.html.erb:18:in `_app_views_layouts_application_html_erb___702639597_40356456'
  app/controllers/home_controller.rb:4:in `index'


  Rendered c:/RailsInstaller/Ruby1.9.3/lib/ruby/gems/1.9.1/gems/actionpack-3.2.12/lib/action_dispatch/middleware/templates/rescues/_trace.erb (1.0ms)
  Rendered c:/RailsInstaller/Ruby1.9.3/lib/ruby/gems/1.9.1/gems/actionpack-3.2.12/lib/action_dispatch/middleware/templates/rescues/_request_and_response.erb (1.0ms)
  Rendered c:/RailsInstaller/Ruby1.9.3/lib/ruby/gems/1.9.1/gems/actionpack-3.2.12/lib/action_dispatch/middleware/templates/rescues/template_error.erb within rescues/layout (25.0ms)


Started GET "/" for 127.0.0.1 at 2013-03-19 20:18:55 -0400
Processing by HomeController#index as HTML
DEPRECATION WARNING: Passing a template handler in the template name is deprecated. You can simply remove the handler name or pass render :handlers => [:erb] instead. (called from c:in `find_template':)
  Rendered home/index.html.erb within layouts/application (0.0ms)
Completed 500 Internal Server Error in 16ms

ActionView::Template::Error (Missing partial layouts/navigation with {:locale=>[:en], :formats=>[:html], :handlers=>[:erb, :builder, :coffee]}. Searched in:
  * "c:/users/tomas/documents/github/megaupload/app/views"
):
    15:     <header class="navbar navbar-fixed-top">
    16:       <nav class="navbar-inner">
    17:         <div class="container">
    18:           <%= render 'layouts/navigation' %>
    19:         </div>
    20:       </nav>
    21:     </header>
  app/views/layouts/application.html.erb:18:in `_app_views_layouts_application_html_erb___702639597_40356456'
  app/controllers/home_controller.rb:4:in `index'


  Rendered c:/RailsInstaller/Ruby1.9.3/lib/ruby/gems/1.9.1/gems/actionpack-3.2.12/lib/action_dispatch/middleware/templates/rescues/_trace.erb (1.0ms)
  Rendered c:/RailsInstaller/Ruby1.9.3/lib/ruby/gems/1.9.1/gems/actionpack-3.2.12/lib/action_dispatch/middleware/templates/rescues/_request_and_response.erb (0.0ms)
  Rendered c:/RailsInstaller/Ruby1.9.3/lib/ruby/gems/1.9.1/gems/actionpack-3.2.12/lib/action_dispatch/middleware/templates/rescues/template_error.erb within rescues/layout (24.0ms)


Started GET "/" for 127.0.0.1 at 2013-03-19 20:18:55 -0400
Processing by HomeController#index as HTML
DEPRECATION WARNING: Passing a template handler in the template name is deprecated. You can simply remove the handler name or pass render :handlers => [:erb] instead. (called from c:in `find_template':)
  Rendered home/index.html.erb within layouts/application (0.0ms)
Completed 500 Internal Server Error in 15ms

ActionView::Template::Error (Missing partial layouts/navigation with {:locale=>[:en], :formats=>[:html], :handlers=>[:erb, :builder, :coffee]}. Searched in:
  * "c:/users/tomas/documents/github/megaupload/app/views"
):
    15:     <header class="navbar navbar-fixed-top">
    16:       <nav class="navbar-inner">
    17:         <div class="container">
    18:           <%= render 'layouts/navigation' %>
    19:         </div>
    20:       </nav>
    21:     </header>
  app/views/layouts/application.html.erb:18:in `_app_views_layouts_application_html_erb___702639597_40356456'
  app/controllers/home_controller.rb:4:in `index'


  Rendered c:/RailsInstaller/Ruby1.9.3/lib/ruby/gems/1.9.1/gems/actionpack-3.2.12/lib/action_dispatch/middleware/templates/rescues/_trace.erb (1.0ms)
  Rendered c:/RailsInstaller/Ruby1.9.3/lib/ruby/gems/1.9.1/gems/actionpack-3.2.12/lib/action_dispatch/middleware/templates/rescues/_request_and_response.erb (1.0ms)
  Rendered c:/RailsInstaller/Ruby1.9.3/lib/ruby/gems/1.9.1/gems/actionpack-3.2.12/lib/action_dispatch/middleware/templates/rescues/template_error.erb within rescues/layout (24.0ms)


Started GET "/" for 127.0.0.1 at 2013-03-19 20:18:55 -0400
Processing by HomeController#index as HTML
DEPRECATION WARNING: Passing a template handler in the template name is deprecated. You can simply remove the handler name or pass render :handlers => [:erb] instead. (called from c:in `find_template':)
  Rendered home/index.html.erb within layouts/application (0.0ms)
Completed 500 Internal Server Error in 16ms

ActionView::Template::Error (Missing partial layouts/navigation with {:locale=>[:en], :formats=>[:html], :handlers=>[:erb, :builder, :coffee]}. Searched in:
  * "c:/users/tomas/documents/github/megaupload/app/views"
):
    15:     <header class="navbar navbar-fixed-top">
    16:       <nav class="navbar-inner">
    17:         <div class="container">
    18:           <%= render 'layouts/navigation' %>
    19:         </div>
    20:       </nav>
    21:     </header>
  app/views/layouts/application.html.erb:18:in `_app_views_layouts_application_html_erb___702639597_40356456'
  app/controllers/home_controller.rb:4:in `index'


  Rendered c:/RailsInstaller/Ruby1.9.3/lib/ruby/gems/1.9.1/gems/actionpack-3.2.12/lib/action_dispatch/middleware/templates/rescues/_trace.erb (1.0ms)
  Rendered c:/RailsInstaller/Ruby1.9.3/lib/ruby/gems/1.9.1/gems/actionpack-3.2.12/lib/action_dispatch/middleware/templates/rescues/_request_and_response.erb (1.0ms)
  Rendered c:/RailsInstaller/Ruby1.9.3/lib/ruby/gems/1.9.1/gems/actionpack-3.2.12/lib/action_dispatch/middleware/templates/rescues/template_error.erb within rescues/layout (25.0ms)


Started GET "/" for 127.0.0.1 at 2013-03-19 20:18:56 -0400
Processing by HomeController#index as HTML
DEPRECATION WARNING: Passing a template handler in the template name is deprecated. You can simply remove the handler name or pass render :handlers => [:erb] instead. (called from c:in `find_template':)
  Rendered home/index.html.erb within layouts/application (0.0ms)
Completed 500 Internal Server Error in 15ms

ActionView::Template::Error (Missing partial layouts/navigation with {:locale=>[:en], :formats=>[:html], :handlers=>[:erb, :builder, :coffee]}. Searched in:
  * "c:/users/tomas/documents/github/megaupload/app/views"
):
    15:     <header class="navbar navbar-fixed-top">
    16:       <nav class="navbar-inner">
    17:         <div class="container">
    18:           <%= render 'layouts/navigation' %>
    19:         </div>
    20:       </nav>
    21:     </header>
  app/views/layouts/application.html.erb:18:in `_app_views_layouts_application_html_erb___702639597_40356456'
  app/controllers/home_controller.rb:4:in `index'


  Rendered c:/RailsInstaller/Ruby1.9.3/lib/ruby/gems/1.9.1/gems/actionpack-3.2.12/lib/action_dispatch/middleware/templates/rescues/_trace.erb (1.0ms)
  Rendered c:/RailsInstaller/Ruby1.9.3/lib/ruby/gems/1.9.1/gems/actionpack-3.2.12/lib/action_dispatch/middleware/templates/rescues/_request_and_response.erb (2.0ms)
  Rendered c:/RailsInstaller/Ruby1.9.3/lib/ruby/gems/1.9.1/gems/actionpack-3.2.12/lib/action_dispatch/middleware/templates/rescues/template_error.erb within rescues/layout (25.0ms)


Started GET "/" for 127.0.0.1 at 2013-03-19 20:18:56 -0400
Processing by HomeController#index as HTML
DEPRECATION WARNING: Passing a template handler in the template name is deprecated. You can simply remove the handler name or pass render :handlers => [:erb] instead. (called from c:in `find_template':)
  Rendered home/index.html.erb within layouts/application (0.0ms)
Completed 500 Internal Server Error in 32ms

ActionView::Template::Error (Missing partial layouts/navigation with {:locale=>[:en], :formats=>[:html], :handlers=>[:erb, :builder, :coffee]}. Searched in:
  * "c:/users/tomas/documents/github/megaupload/app/views"
):
    15:     <header class="navbar navbar-fixed-top">
    16:       <nav class="navbar-inner">
    17:         <div class="container">
    18:           <%= render 'layouts/navigation' %>
    19:         </div>
    20:       </nav>
    21:     </header>
  app/views/layouts/application.html.erb:18:in `_app_views_layouts_application_html_erb___702639597_40356456'
  app/controllers/home_controller.rb:4:in `index'


  Rendered c:/RailsInstaller/Ruby1.9.3/lib/ruby/gems/1.9.1/gems/actionpack-3.2.12/lib/action_dispatch/middleware/templates/rescues/_trace.erb (1.0ms)
  Rendered c:/RailsInstaller/Ruby1.9.3/lib/ruby/gems/1.9.1/gems/actionpack-3.2.12/lib/action_dispatch/middleware/templates/rescues/_request_and_response.erb (1.0ms)
  Rendered c:/RailsInstaller/Ruby1.9.3/lib/ruby/gems/1.9.1/gems/actionpack-3.2.12/lib/action_dispatch/middleware/templates/rescues/template_error.erb within rescues/layout (27.0ms)


Started GET "/" for 127.0.0.1 at 2013-03-19 20:18:56 -0400
Processing by HomeController#index as HTML
DEPRECATION WARNING: Passing a template handler in the template name is deprecated. You can simply remove the handler name or pass render :handlers => [:erb] instead. (called from c:in `find_template':)
  Rendered home/index.html.erb within layouts/application (0.0ms)
Completed 500 Internal Server Error in 15ms

ActionView::Template::Error (Missing partial layouts/navigation with {:locale=>[:en], :formats=>[:html], :handlers=>[:erb, :builder, :coffee]}. Searched in:
  * "c:/users/tomas/documents/github/megaupload/app/views"
):
    15:     <header class="navbar navbar-fixed-top">
    16:       <nav class="navbar-inner">
    17:         <div class="container">
    18:           <%= render 'layouts/navigation' %>
    19:         </div>
    20:       </nav>
    21:     </header>
  app/views/layouts/application.html.erb:18:in `_app_views_layouts_application_html_erb___702639597_40356456'
  app/controllers/home_controller.rb:4:in `index'


  Rendered c:/RailsInstaller/Ruby1.9.3/lib/ruby/gems/1.9.1/gems/actionpack-3.2.12/lib/action_dispatch/middleware/templates/rescues/_trace.erb (1.0ms)
  Rendered c:/RailsInstaller/Ruby1.9.3/lib/ruby/gems/1.9.1/gems/actionpack-3.2.12/lib/action_dispatch/middleware/templates/rescues/_request_and_response.erb (0.0ms)
  Rendered c:/RailsInstaller/Ruby1.9.3/lib/ruby/gems/1.9.1/gems/actionpack-3.2.12/lib/action_dispatch/middleware/templates/rescues/template_error.erb within rescues/layout (27.0ms)


Started GET "/" for 127.0.0.1 at 2013-03-19 20:18:56 -0400
Processing by HomeController#index as HTML
DEPRECATION WARNING: Passing a template handler in the template name is deprecated. You can simply remove the handler name or pass render :handlers => [:erb] instead. (called from c:in `find_template':)
  Rendered home/index.html.erb within layouts/application (0.0ms)
Completed 500 Internal Server Error in 16ms

ActionView::Template::Error (Missing partial layouts/navigation with {:locale=>[:en], :formats=>[:html], :handlers=>[:erb, :builder, :coffee]}. Searched in:
  * "c:/users/tomas/documents/github/megaupload/app/views"
):
    15:     <header class="navbar navbar-fixed-top">
    16:       <nav class="navbar-inner">
    17:         <div class="container">
    18:           <%= render 'layouts/navigation' %>
    19:         </div>
    20:       </nav>
    21:     </header>
  app/views/layouts/application.html.erb:18:in `_app_views_layouts_application_html_erb___702639597_40356456'
  app/controllers/home_controller.rb:4:in `index'


  Rendered c:/RailsInstaller/Ruby1.9.3/lib/ruby/gems/1.9.1/gems/actionpack-3.2.12/lib/action_dispatch/middleware/templates/rescues/_trace.erb (1.0ms)
  Rendered c:/RailsInstaller/Ruby1.9.3/lib/ruby/gems/1.9.1/gems/actionpack-3.2.12/lib/action_dispatch/middleware/templates/rescues/_request_and_response.erb (1.0ms)
  Rendered c:/RailsInstaller/Ruby1.9.3/lib/ruby/gems/1.9.1/gems/actionpack-3.2.12/lib/action_dispatch/middleware/templates/rescues/template_error.erb within rescues/layout (24.0ms)


Started GET "/" for 127.0.0.1 at 2013-03-19 20:18:56 -0400
Processing by HomeController#index as HTML
DEPRECATION WARNING: Passing a template handler in the template name is deprecated. You can simply remove the handler name or pass render :handlers => [:erb] instead. (called from c:in `find_template':)
  Rendered home/index.html.erb within layouts/application (0.0ms)
Completed 500 Internal Server Error in 17ms

ActionView::Template::Error (Missing partial layouts/navigation with {:locale=>[:en], :formats=>[:html], :handlers=>[:erb, :builder, :coffee]}. Searched in:
  * "c:/users/tomas/documents/github/megaupload/app/views"
):
    15:     <header class="navbar navbar-fixed-top">
    16:       <nav class="navbar-inner">
    17:         <div class="container">
    18:           <%= render 'layouts/navigation' %>
    19:         </div>
    20:       </nav>
    21:     </header>
  app/views/layouts/application.html.erb:18:in `_app_views_layouts_application_html_erb___702639597_40356456'
  app/controllers/home_controller.rb:4:in `index'


  Rendered c:/RailsInstaller/Ruby1.9.3/lib/ruby/gems/1.9.1/gems/actionpack-3.2.12/lib/action_dispatch/middleware/templates/rescues/_trace.erb (1.0ms)
  Rendered c:/RailsInstaller/Ruby1.9.3/lib/ruby/gems/1.9.1/gems/actionpack-3.2.12/lib/action_dispatch/middleware/templates/rescues/_request_and_response.erb (1.0ms)
  Rendered c:/RailsInstaller/Ruby1.9.3/lib/ruby/gems/1.9.1/gems/actionpack-3.2.12/lib/action_dispatch/middleware/templates/rescues/template_error.erb within rescues/layout (23.0ms)


Started GET "/" for 127.0.0.1 at 2013-03-19 20:18:56 -0400
Processing by HomeController#index as HTML
DEPRECATION WARNING: Passing a template handler in the template name is deprecated. You can simply remove the handler name or pass render :handlers => [:erb] instead. (called from c:in `find_template':)
  Rendered home/index.html.erb within layouts/application (0.0ms)
Completed 500 Internal Server Error in 16ms

ActionView::Template::Error (Missing partial layouts/navigation with {:locale=>[:en], :formats=>[:html], :handlers=>[:erb, :builder, :coffee]}. Searched in:
  * "c:/users/tomas/documents/github/megaupload/app/views"
):
    15:     <header class="navbar navbar-fixed-top">
    16:       <nav class="navbar-inner">
    17:         <div class="container">
    18:           <%= render 'layouts/navigation' %>
    19:         </div>
    20:       </nav>
    21:     </header>
  app/views/layouts/application.html.erb:18:in `_app_views_layouts_application_html_erb___702639597_40356456'
  app/controllers/home_controller.rb:4:in `index'


  Rendered c:/RailsInstaller/Ruby1.9.3/lib/ruby/gems/1.9.1/gems/actionpack-3.2.12/lib/action_dispatch/middleware/templates/rescues/_trace.erb (1.0ms)
  Rendered c:/RailsInstaller/Ruby1.9.3/lib/ruby/gems/1.9.1/gems/actionpack-3.2.12/lib/action_dispatch/middleware/templates/rescues/_request_and_response.erb (0.0ms)
  Rendered c:/RailsInstaller/Ruby1.9.3/lib/ruby/gems/1.9.1/gems/actionpack-3.2.12/lib/action_dispatch/middleware/templates/rescues/template_error.erb within rescues/layout (25.0ms)


Started GET "/" for 127.0.0.1 at 2013-03-19 20:20:31 -0400
Processing by HomeController#index as HTML
DEPRECATION WARNING: Passing a template handler in the template name is deprecated. You can simply remove the handler name or pass render :handlers => [:erb] instead. (called from c:in `find_template':)
  Rendered home/index.html.erb within layouts/application (0.0ms)
Completed 200 OK in 15ms (Views: 15.0ms | ActiveRecord: 0.0ms)


Started GET "/assets/application.css?body=1" for 127.0.0.1 at 2013-03-19 20:20:31 -0400
Served asset /application.css - 200 OK (12ms)


Started GET "/assets/bootstrap-responsive.css?body=1" for 127.0.0.1 at 2013-03-19 20:20:31 -0400
Served asset /bootstrap-responsive.css - 200 OK (1ms)


Started GET "/assets/bootstrap-responsive.min.css?body=1" for 127.0.0.1 at 2013-03-19 20:20:31 -0400
Served asset /bootstrap-responsive.min.css - 200 OK (1ms)


Started GET "/assets/bootstrap.css?body=1" for 127.0.0.1 at 2013-03-19 20:20:31 -0400
Served asset /bootstrap.css - 200 OK (3ms)


Started GET "/assets/bootstrap.min.css?body=1" for 127.0.0.1 at 2013-03-19 20:20:31 -0400
Served asset /bootstrap.min.css - 200 OK (3ms)


Started GET "/assets/home.css?body=1" for 127.0.0.1 at 2013-03-19 20:20:31 -0400
Served asset /home.css - 200 OK (3ms)


Started GET "/assets/scaffolds.css?body=1" for 127.0.0.1 at 2013-03-19 20:20:31 -0400
Served asset /scaffolds.css - 200 OK (3ms)


Started GET "/assets/users.css?body=1" for 127.0.0.1 at 2013-03-19 20:20:31 -0400
Served asset /users.css - 200 OK (1ms)


Started GET "/assets/jquery.js?body=1" for 127.0.0.1 at 2013-03-19 20:20:31 -0400
Served asset /jquery.js - 200 OK (6ms)


Started GET "/assets/jquery_ujs.js?body=1" for 127.0.0.1 at 2013-03-19 20:20:31 -0400
Served asset /jquery_ujs.js - 200 OK (3ms)


Started GET "/assets/bootstrap.min.js?body=1" for 127.0.0.1 at 2013-03-19 20:20:31 -0400
Served asset /bootstrap.min.js - 200 OK (1ms)


Started GET "/assets/bootstrap.js?body=1" for 127.0.0.1 at 2013-03-19 20:20:31 -0400
Served asset /bootstrap.js - 200 OK (1ms)


Started GET "/assets/home.js?body=1" for 127.0.0.1 at 2013-03-19 20:20:31 -0400
Served asset /home.js - 200 OK (3ms)


Started GET "/assets/users.js?body=1" for 127.0.0.1 at 2013-03-19 20:20:31 -0400
Served asset /users.js - 200 OK (2ms)


Started GET "/assets/application.js?body=1" for 127.0.0.1 at 2013-03-19 20:20:31 -0400
Served asset /application.js - 200 OK (8ms)


Started GET "/users" for 127.0.0.1 at 2013-03-19 20:20:45 -0400
Processing by UsersController#index as HTML
  [1m[36mUser Load (0.0ms)[0m  [1mSELECT "users".* FROM "users" [0m
  Rendered users/index.html.erb within layouts/application (1.0ms)
Completed 200 OK in 150ms (Views: 14.0ms | ActiveRecord: 25.0ms)


Started GET "/assets/bootstrap.min.css?body=1" for 127.0.0.1 at 2013-03-19 20:20:45 -0400
Served asset /bootstrap.min.css - 304 Not Modified (0ms)


Started GET "/users/new" for 127.0.0.1 at 2013-03-19 20:20:48 -0400
Processing by UsersController#new as HTML
  Rendered users/_form.html.erb (8.0ms)
  Rendered users/new.html.erb within layouts/application (10.0ms)
Completed 200 OK in 27ms (Views: 23.0ms | ActiveRecord: 0.0ms)


Started GET "/assets/bootstrap.min.css?body=1" for 127.0.0.1 at 2013-03-19 20:20:48 -0400
Served asset /bootstrap.min.css - 304 Not Modified (0ms)


Started POST "/users" for 127.0.0.1 at 2013-03-19 20:21:13 -0400
Processing by UsersController#create as HTML
  Parameters: {"utf8"=>"✓", "authenticity_token"=>"oVvIHJ/QhaVXGoR4TY8eAODqpamjABD8DIxXINu/1vU=", "user"=>{"mail"=>"timartin@uc.cl", "password"=>"[FILTERED]"}, "commit"=>"Create User"}
  [1m[35m (0.0ms)[0m  begin transaction
  [1m[36mSQL (29.0ms)[0m  [1mINSERT INTO "users" ("created_at", "mail", "password", "updated_at") VALUES (?, ?, ?, ?)[0m  [["created_at", Wed, 20 Mar 2013 00:21:13 UTC +00:00], ["mail", "timartin@uc.cl"], ["password", "password"], ["updated_at", Wed, 20 Mar 2013 00:21:13 UTC +00:00]]
  [1m[35m (2.0ms)[0m  commit transaction
Redirected to http://localhost:3000/users/1
Completed 302 Found in 34ms (ActiveRecord: 31.0ms)


Started GET "/users/1" for 127.0.0.1 at 2013-03-19 20:21:13 -0400
Processing by UsersController#show as HTML
  Parameters: {"id"=>"1"}
  [1m[36mUser Load (0.0ms)[0m  [1mSELECT "users".* FROM "users" WHERE "users"."id" = ? LIMIT 1[0m  [["id", "1"]]
  Rendered users/show.html.erb within layouts/application (1.0ms)
Completed 200 OK in 15ms (Views: 14.0ms | ActiveRecord: 0.0ms)


Started GET "/assets/bootstrap.css?body=1" for 127.0.0.1 at 2013-03-19 20:21:13 -0400
Served asset /bootstrap.css - 304 Not Modified (1ms)


Started GET "/assets/bootstrap.min.css?body=1" for 127.0.0.1 at 2013-03-19 20:21:13 -0400
Served asset /bootstrap.min.css - 304 Not Modified (0ms)


Started GET "/users" for 127.0.0.1 at 2013-03-19 20:21:15 -0400
Processing by UsersController#index as HTML
  [1m[35mUser Load (0.0ms)[0m  SELECT "users".* FROM "users" 
  Rendered users/index.html.erb within layouts/application (14.0ms)
Completed 200 OK in 27ms (Views: 27.0ms | ActiveRecord: 0.0ms)


Started GET "/assets/bootstrap.css?body=1" for 127.0.0.1 at 2013-03-19 20:21:15 -0400
Served asset /bootstrap.css - 304 Not Modified (0ms)


Started GET "/assets/bootstrap.min.css?body=1" for 127.0.0.1 at 2013-03-19 20:21:16 -0400
Served asset /bootstrap.min.css - 304 Not Modified (0ms)


Started GET "/users/1/edit" for 127.0.0.1 at 2013-03-19 20:21:20 -0400
Processing by UsersController#edit as HTML
  Parameters: {"id"=>"1"}
  [1m[36mUser Load (0.0ms)[0m  [1mSELECT "users".* FROM "users" WHERE "users"."id" = ? LIMIT 1[0m  [["id", "1"]]
  Rendered users/_form.html.erb (2.0ms)
  Rendered users/edit.html.erb within layouts/application (4.0ms)
Completed 200 OK in 18ms (Views: 17.0ms | ActiveRecord: 0.0ms)


Started GET "/assets/bootstrap.css?body=1" for 127.0.0.1 at 2013-03-19 20:21:20 -0400
Served asset /bootstrap.css - 304 Not Modified (2ms)


Started GET "/assets/bootstrap.min.css?body=1" for 127.0.0.1 at 2013-03-19 20:21:21 -0400
Served asset /bootstrap.min.css - 304 Not Modified (0ms)
