Connecting to database specified by database.yml
Migrating to CreateUsers (20130319235848)
Migrating to CreateEvents (20130320192456)
Migrating to CreateUpFiles (20130320192650)
Migrating to AddUserIdColumnToEvents (20130320193719)
Migrating to AddEventIdColumnToUpFiles (20130320193816)
Connecting to database specified by database.yml
Started GET "/" for 146.155.115.3 at 2013-03-25 13:07:25 -0400
Processing by HomeController#index as HTML
  Rendered home/index.html.erb within layouts/application (41.3ms)
Compiled bootstrap-responsive.css  (0ms)  (pid 26138)
Compiled bootstrap-responsive.min.css  (0ms)  (pid 26138)
Compiled bootstrap.css  (2234ms)  (pid 26138)
Compiled bootstrap.min.css  (0ms)  (pid 26138)
Compiled events.css  (1ms)  (pid 26138)
Compiled home.css  (19ms)  (pid 26138)
Compiled scaffolds.css  (10ms)  (pid 26138)
Compiled up_files.css  (1ms)  (pid 26138)
Compiled users.css  (1ms)  (pid 26138)
Compiled application.css  (2379ms)  (pid 26138)
Completed 500 Internal Server Error in 9033ms

ActionView::Template::Error (undefined local variable or method `root_path' for #<#<Class:0x98681f8>:0x9865304>):
    19: 				<p class="submit"><%= f.submit "Logout" , :name => "commit", :class => "btn login-button" %></p>
    20: 			<% end %>
    21: 		<% else %>
    22: 			<%= form_for(User.new, :url => root_path) do |f| %>
    23: 				<p class="submit"><%= f.submit "Sign In" , :name => "commit", :class => "btn login-button" %></p>
    24: 				<div class="separator"></div>
    25: 				<p class="submit"><%= f.submit "Sign Up" , :name => "commit", :class => "btn login-button" %></p>
  app/views/layouts/application.html.erb:22:in `_app_views_layouts_application_html_erb___318205569_83654230'
  app/controllers/home_controller.rb:19:in `index'


Started GET "/" for 146.155.115.3 at 2013-03-25 13:08:36 -0400
Processing by HomeController#index as HTML
  Rendered home/index.html.erb within layouts/application (1.0ms)
Completed 500 Internal Server Error in 15ms

ActionView::Template::Error (undefined local variable or method `root_path' for #<#<Class:0x98681f8>:0x9b34404>):
    19: 				<p class="submit"><%= f.submit "Logout" , :name => "commit", :class => "btn login-button" %></p>
    20: 			<% end %>
    21: 		<% else %>
    22: 			<%= form_for(User.new, :url => root_path) do |f| %>
    23: 				<p class="submit"><%= f.submit "Sign In" , :name => "commit", :class => "btn login-button" %></p>
    24: 				<div class="separator"></div>
    25: 				<p class="submit"><%= f.submit "Sign Up" , :name => "commit", :class => "btn login-button" %></p>
  app/views/layouts/application.html.erb:22:in `_app_views_layouts_application_html_erb___318205569_83654230'
  app/controllers/home_controller.rb:19:in `index'


Started GET "/users" for 146.155.115.3 at 2013-03-25 13:08:40 -0400
Processing by UsersController#index as HTML
  Rendered users/index.html.erb within layouts/application (1.1ms)
Completed 500 Internal Server Error in 17ms

ActionView::Template::Error (undefined local variable or method `root_path' for #<#<Class:0xa1e7a1c>:0xa419c18>):
    19: 				<p class="submit"><%= f.submit "Logout" , :name => "commit", :class => "btn login-button" %></p>
    20: 			<% end %>
    21: 		<% else %>
    22: 			<%= form_for(User.new, :url => root_path) do |f| %>
    23: 				<p class="submit"><%= f.submit "Sign In" , :name => "commit", :class => "btn login-button" %></p>
    24: 				<div class="separator"></div>
    25: 				<p class="submit"><%= f.submit "Sign Up" , :name => "commit", :class => "btn login-button" %></p>
  app/views/layouts/application.html.erb:22:in `_app_views_layouts_application_html_erb___318205569_83654230'
  app/controllers/users_controller.rb:7:in `index'


Started GET "/users.json" for 146.155.115.3 at 2013-03-25 13:08:43 -0400
Processing by UsersController#index as JSON
Completed 200 OK in 1ms (Views: 0.1ms | ActiveRecord: 0.2ms)
Started GET "/events.json" for 146.155.115.3 at 2013-03-25 13:08:53 -0400
Processing by EventsController#index as JSON
Completed 500 Internal Server Error in 3ms

NameError (undefined local variable or method `root_path' for #<EventsController:0xa5ce0e0>):
  app/controllers/events_controller.rb:13:in `index'


Started GET "/users.json" for 146.155.115.3 at 2013-03-25 13:08:58 -0400
Processing by UsersController#index as JSON
Completed 200 OK in 1ms (Views: 0.1ms | ActiveRecord: 0.2ms)
Connecting to database specified by database.yml
Started GET "/" for 146.155.115.3 at 2013-03-25 13:10:41 -0400
Processing by HomeController#index as HTML
  Rendered home/index.html.erb within layouts/application (42.0ms)
Completed 500 Internal Server Error in 111ms

ActionView::Template::Error (undefined local variable or method `root_path' for #<#<Class:0x9d4a7d4>:0x9d478e0>):
    19: 				<p class="submit"><%= f.submit "Logout" , :name => "commit", :class => "btn login-button" %></p>
    20: 			<% end %>
    21: 		<% else %>
    22: 			<%= form_for(User.new, :url => root_path) do |f| %>
    23: 				<p class="submit"><%= f.submit "Sign In" , :name => "commit", :class => "btn login-button" %></p>
    24: 				<div class="separator"></div>
    25: 				<p class="submit"><%= f.submit "Sign Up" , :name => "commit", :class => "btn login-button" %></p>
  app/views/layouts/application.html.erb:22:in `_app_views_layouts_application_html_erb__472494317_84443290'
  app/controllers/home_controller.rb:19:in `index'


Started GET "/" for 146.155.115.3 at 2013-03-25 13:11:14 -0400
Processing by HomeController#index as HTML
  Rendered home/index.html.erb within layouts/application (0.9ms)
Completed 500 Internal Server Error in 29ms

ActionView::Template::Error (undefined local variable or method `root_path' for #<#<Class:0x9d4a7d4>:0x9c49de4>):
    19: 				<p class="submit"><%= f.submit "Logout" , :name => "commit", :class => "btn login-button" %></p>
    20: 			<% end %>
    21: 		<% else %>
    22: 			<%= form_for(User.new, :url => root_path) do |f| %>
    23: 				<p class="submit"><%= f.submit "Sign In" , :name => "commit", :class => "btn login-button" %></p>
    24: 				<div class="separator"></div>
    25: 				<p class="submit"><%= f.submit "Sign Up" , :name => "commit", :class => "btn login-button" %></p>
  app/views/layouts/application.html.erb:22:in `_app_views_layouts_application_html_erb__472494317_84443290'
  app/controllers/home_controller.rb:19:in `index'


Started GET "/" for 146.155.115.3 at 2013-03-25 13:11:15 -0400
Processing by HomeController#index as HTML
  Rendered home/index.html.erb within layouts/application (0.9ms)
Completed 500 Internal Server Error in 14ms

ActionView::Template::Error (undefined local variable or method `root_path' for #<#<Class:0x9d4a7d4>:0x9dd31d8>):
    19: 				<p class="submit"><%= f.submit "Logout" , :name => "commit", :class => "btn login-button" %></p>
    20: 			<% end %>
    21: 		<% else %>
    22: 			<%= form_for(User.new, :url => root_path) do |f| %>
    23: 				<p class="submit"><%= f.submit "Sign In" , :name => "commit", :class => "btn login-button" %></p>
    24: 				<div class="separator"></div>
    25: 				<p class="submit"><%= f.submit "Sign Up" , :name => "commit", :class => "btn login-button" %></p>
  app/views/layouts/application.html.erb:22:in `_app_views_layouts_application_html_erb__472494317_84443290'
  app/controllers/home_controller.rb:19:in `index'


Started GET "/" for 146.155.115.3 at 2013-03-25 13:11:15 -0400
Processing by HomeController#index as HTML
  Rendered home/index.html.erb within layouts/application (0.6ms)
Completed 500 Internal Server Error in 28ms

ActionView::Template::Error (undefined local variable or method `root_path' for #<#<Class:0x9d4a7d4>:0x9aece38>):
    19: 				<p class="submit"><%= f.submit "Logout" , :name => "commit", :class => "btn login-button" %></p>
    20: 			<% end %>
    21: 		<% else %>
    22: 			<%= form_for(User.new, :url => root_path) do |f| %>
    23: 				<p class="submit"><%= f.submit "Sign In" , :name => "commit", :class => "btn login-button" %></p>
    24: 				<div class="separator"></div>
    25: 				<p class="submit"><%= f.submit "Sign Up" , :name => "commit", :class => "btn login-button" %></p>
  app/views/layouts/application.html.erb:22:in `_app_views_layouts_application_html_erb__472494317_84443290'
  app/controllers/home_controller.rb:19:in `index'


Started GET "/" for 146.155.115.3 at 2013-03-25 13:11:15 -0400
Processing by HomeController#index as HTML
  Rendered home/index.html.erb within layouts/application (0.6ms)
Completed 500 Internal Server Error in 13ms

ActionView::Template::Error (undefined local variable or method `root_path' for #<#<Class:0x9d4a7d4>:0x9bf4178>):
    19: 				<p class="submit"><%= f.submit "Logout" , :name => "commit", :class => "btn login-button" %></p>
    20: 			<% end %>
    21: 		<% else %>
    22: 			<%= form_for(User.new, :url => root_path) do |f| %>
    23: 				<p class="submit"><%= f.submit "Sign In" , :name => "commit", :class => "btn login-button" %></p>
    24: 				<div class="separator"></div>
    25: 				<p class="submit"><%= f.submit "Sign Up" , :name => "commit", :class => "btn login-button" %></p>
  app/views/layouts/application.html.erb:22:in `_app_views_layouts_application_html_erb__472494317_84443290'
  app/controllers/home_controller.rb:19:in `index'


Started GET "/" for 146.155.115.3 at 2013-03-25 13:11:15 -0400
Processing by HomeController#index as HTML
  Rendered home/index.html.erb within layouts/application (0.6ms)
Completed 500 Internal Server Error in 13ms

ActionView::Template::Error (undefined local variable or method `root_path' for #<#<Class:0x9d4a7d4>:0x9942dd0>):
    19: 				<p class="submit"><%= f.submit "Logout" , :name => "commit", :class => "btn login-button" %></p>
    20: 			<% end %>
    21: 		<% else %>
    22: 			<%= form_for(User.new, :url => root_path) do |f| %>
    23: 				<p class="submit"><%= f.submit "Sign In" , :name => "commit", :class => "btn login-button" %></p>
    24: 				<div class="separator"></div>
    25: 				<p class="submit"><%= f.submit "Sign Up" , :name => "commit", :class => "btn login-button" %></p>
  app/views/layouts/application.html.erb:22:in `_app_views_layouts_application_html_erb__472494317_84443290'
  app/controllers/home_controller.rb:19:in `index'


Started GET "/" for 146.155.115.3 at 2013-03-25 13:11:15 -0400
Processing by HomeController#index as HTML
  Rendered home/index.html.erb within layouts/application (0.6ms)
Completed 500 Internal Server Error in 28ms

ActionView::Template::Error (undefined local variable or method `root_path' for #<#<Class:0x9d4a7d4>:0xa8aed64>):
    19: 				<p class="submit"><%= f.submit "Logout" , :name => "commit", :class => "btn login-button" %></p>
    20: 			<% end %>
    21: 		<% else %>
    22: 			<%= form_for(User.new, :url => root_path) do |f| %>
    23: 				<p class="submit"><%= f.submit "Sign In" , :name => "commit", :class => "btn login-button" %></p>
    24: 				<div class="separator"></div>
    25: 				<p class="submit"><%= f.submit "Sign Up" , :name => "commit", :class => "btn login-button" %></p>
  app/views/layouts/application.html.erb:22:in `_app_views_layouts_application_html_erb__472494317_84443290'
  app/controllers/home_controller.rb:19:in `index'


Started GET "/users/new" for 146.155.115.3 at 2013-03-25 13:11:20 -0400
Processing by UsersController#new as HTML
  Rendered users/_form.html.erb (8.3ms)
  Rendered users/new.html.erb within layouts/application (11.9ms)
Completed 500 Internal Server Error in 29ms

ActionView::Template::Error (undefined local variable or method `root_path' for #<#<Class:0x9d47c00>:0x9dd247c>):
    19: 				<p class="submit"><%= f.submit "Logout" , :name => "commit", :class => "btn login-button" %></p>
    20: 			<% end %>
    21: 		<% else %>
    22: 			<%= form_for(User.new, :url => root_path) do |f| %>
    23: 				<p class="submit"><%= f.submit "Sign In" , :name => "commit", :class => "btn login-button" %></p>
    24: 				<div class="separator"></div>
    25: 				<p class="submit"><%= f.submit "Sign Up" , :name => "commit", :class => "btn login-button" %></p>
  app/views/layouts/application.html.erb:22:in `_app_views_layouts_application_html_erb__472494317_84443290'
  app/controllers/users_controller.rb:29:in `new'


Started GET "/" for 146.155.115.3 at 2013-03-25 13:11:23 -0400
Processing by HomeController#index as HTML
  Rendered home/index.html.erb within layouts/application (0.8ms)
Completed 500 Internal Server Error in 29ms

ActionView::Template::Error (undefined local variable or method `root_path' for #<#<Class:0x9d4a7d4>:0xa7348bc>):
    19: 				<p class="submit"><%= f.submit "Logout" , :name => "commit", :class => "btn login-button" %></p>
    20: 			<% end %>
    21: 		<% else %>
    22: 			<%= form_for(User.new, :url => root_path) do |f| %>
    23: 				<p class="submit"><%= f.submit "Sign In" , :name => "commit", :class => "btn login-button" %></p>
    24: 				<div class="separator"></div>
    25: 				<p class="submit"><%= f.submit "Sign Up" , :name => "commit", :class => "btn login-button" %></p>
  app/views/layouts/application.html.erb:22:in `_app_views_layouts_application_html_erb__472494317_84443290'
  app/controllers/home_controller.rb:19:in `index'


Started GET "/users" for 146.155.115.3 at 2013-03-25 13:16:04 -0400
Processing by UsersController#index as HTML
  Rendered users/index.html.erb within layouts/application (1.1ms)
Completed 500 Internal Server Error in 18ms

ActionView::Template::Error (undefined local variable or method `root_path' for #<#<Class:0x9d47c00>:0x9dd0618>):
    19: 				<p class="submit"><%= f.submit "Logout" , :name => "commit", :class => "btn login-button" %></p>
    20: 			<% end %>
    21: 		<% else %>
    22: 			<%= form_for(User.new, :url => root_path) do |f| %>
    23: 				<p class="submit"><%= f.submit "Sign In" , :name => "commit", :class => "btn login-button" %></p>
    24: 				<div class="separator"></div>
    25: 				<p class="submit"><%= f.submit "Sign Up" , :name => "commit", :class => "btn login-button" %></p>
  app/views/layouts/application.html.erb:22:in `_app_views_layouts_application_html_erb__472494317_84443290'
  app/controllers/users_controller.rb:7:in `index'


Started GET "/events" for 146.155.115.3 at 2013-03-25 13:16:07 -0400
Processing by EventsController#index as HTML
Completed 500 Internal Server Error in 3ms

NameError (undefined local variable or method `root_path' for #<EventsController:0xa78cf80>):
  app/controllers/events_controller.rb:13:in `index'


Started GET "/megaupload" for 146.155.115.3 at 2013-03-25 13:16:11 -0400

ActionController::RoutingError (No route matches [GET] "/megaupload"):
  actionpack (3.2.12) lib/action_dispatch/middleware/debug_exceptions.rb:21:in `call'
  actionpack (3.2.12) lib/action_dispatch/middleware/show_exceptions.rb:56:in `call'
  railties (3.2.12) lib/rails/rack/logger.rb:32:in `call_app'
  railties (3.2.12) lib/rails/rack/logger.rb:16:in `block in call'
  activesupport (3.2.12) lib/active_support/tagged_logging.rb:22:in `tagged'
  railties (3.2.12) lib/rails/rack/logger.rb:16:in `call'
  actionpack (3.2.12) lib/action_dispatch/middleware/request_id.rb:22:in `call'
  rack (1.4.5) lib/rack/methodoverride.rb:21:in `call'
  rack (1.4.5) lib/rack/runtime.rb:17:in `call'
  activesupport (3.2.12) lib/active_support/cache/strategy/local_cache.rb:72:in `call'
  rack (1.4.5) lib/rack/lock.rb:15:in `call'
  rack-cache (1.2) lib/rack/cache/context.rb:136:in `forward'
  rack-cache (1.2) lib/rack/cache/context.rb:245:in `fetch'
  rack-cache (1.2) lib/rack/cache/context.rb:185:in `lookup'
  rack-cache (1.2) lib/rack/cache/context.rb:66:in `call!'
  rack-cache (1.2) lib/rack/cache/context.rb:51:in `call'
  railties (3.2.12) lib/rails/engine.rb:479:in `call'
  railties (3.2.12) lib/rails/application.rb:223:in `call'
  railties (3.2.12) lib/rails/railtie/configurable.rb:30:in `method_missing'
  passenger (3.0.19) lib/phusion_passenger/rack/request_handler.rb:96:in `process_request'
  passenger (3.0.19) lib/phusion_passenger/abstract_request_handler.rb:516:in `accept_and_process_next_request'
  passenger (3.0.19) lib/phusion_passenger/abstract_request_handler.rb:274:in `main_loop'
  passenger (3.0.19) lib/phusion_passenger/rack/application_spawner.rb:206:in `start_request_handler'
  passenger (3.0.19) lib/phusion_passenger/rack/application_spawner.rb:171:in `block in handle_spawn_application'
  passenger (3.0.19) lib/phusion_passenger/utils.rb:470:in `safe_fork'
  passenger (3.0.19) lib/phusion_passenger/rack/application_spawner.rb:166:in `handle_spawn_application'
  passenger (3.0.19) lib/phusion_passenger/abstract_server.rb:357:in `server_main_loop'
  passenger (3.0.19) lib/phusion_passenger/abstract_server.rb:206:in `start_synchronously'
  passenger (3.0.19) lib/phusion_passenger/abstract_server.rb:180:in `start'
  passenger (3.0.19) lib/phusion_passenger/rack/application_spawner.rb:129:in `start'
  passenger (3.0.19) lib/phusion_passenger/spawn_manager.rb:253:in `block (2 levels) in spawn_rack_application'
  passenger (3.0.19) lib/phusion_passenger/abstract_server_collection.rb:132:in `lookup_or_add'
  passenger (3.0.19) lib/phusion_passenger/spawn_manager.rb:246:in `block in spawn_rack_application'
  passenger (3.0.19) lib/phusion_passenger/abstract_server_collection.rb:82:in `block in synchronize'
  <internal:prelude>:10:in `synchronize'
  passenger (3.0.19) lib/phusion_passenger/abstract_server_collection.rb:79:in `synchronize'
  passenger (3.0.19) lib/phusion_passenger/spawn_manager.rb:244:in `spawn_rack_application'
  passenger (3.0.19) lib/phusion_passenger/spawn_manager.rb:137:in `spawn_application'
  passenger (3.0.19) lib/phusion_passenger/spawn_manager.rb:275:in `handle_spawn_application'
  passenger (3.0.19) lib/phusion_passenger/abstract_server.rb:357:in `server_main_loop'
  passenger (3.0.19) lib/phusion_passenger/abstract_server.rb:206:in `start_synchronously'
  passenger (3.0.19) helper-scripts/passenger-spawn-server:99:in `<main>'


Started GET "/events" for 146.155.115.3 at 2013-03-25 13:16:15 -0400
Processing by EventsController#index as HTML
Completed 500 Internal Server Error in 2ms

NameError (undefined local variable or method `root_path' for #<EventsController:0xa731ba8>):
  app/controllers/events_controller.rb:13:in `index'


Started GET "/events" for 146.155.115.3 at 2013-03-25 13:16:16 -0400
Processing by EventsController#index as HTML
Completed 500 Internal Server Error in 2ms

NameError (undefined local variable or method `root_path' for #<EventsController:0xa0b0c48>):
  app/controllers/events_controller.rb:13:in `index'


Started GET "/events" for 146.155.115.3 at 2013-03-25 13:16:19 -0400
Processing by EventsController#index as HTML
Completed 500 Internal Server Error in 2ms

NameError (undefined local variable or method `root_path' for #<EventsController:0x9e52410>):
  app/controllers/events_controller.rb:13:in `index'


Started GET "/users" for 146.155.115.3 at 2013-03-25 13:16:21 -0400
Processing by UsersController#index as HTML
  Rendered users/index.html.erb within layouts/application (0.4ms)
Completed 500 Internal Server Error in 15ms

ActionView::Template::Error (undefined local variable or method `root_path' for #<#<Class:0x9d47c00>:0x9c499fc>):
    19: 				<p class="submit"><%= f.submit "Logout" , :name => "commit", :class => "btn login-button" %></p>
    20: 			<% end %>
    21: 		<% else %>
    22: 			<%= form_for(User.new, :url => root_path) do |f| %>
    23: 				<p class="submit"><%= f.submit "Sign In" , :name => "commit", :class => "btn login-button" %></p>
    24: 				<div class="separator"></div>
    25: 				<p class="submit"><%= f.submit "Sign Up" , :name => "commit", :class => "btn login-button" %></p>
  app/views/layouts/application.html.erb:22:in `_app_views_layouts_application_html_erb__472494317_84443290'
  app/controllers/users_controller.rb:7:in `index'


Started GET "/users" for 146.155.115.3 at 2013-03-25 13:16:21 -0400
Processing by UsersController#index as HTML
  Rendered users/index.html.erb within layouts/application (0.3ms)
Completed 500 Internal Server Error in 29ms

ActionView::Template::Error (undefined local variable or method `root_path' for #<#<Class:0x9d47c00>:0xa8af840>):
    19: 				<p class="submit"><%= f.submit "Logout" , :name => "commit", :class => "btn login-button" %></p>
    20: 			<% end %>
    21: 		<% else %>
    22: 			<%= form_for(User.new, :url => root_path) do |f| %>
    23: 				<p class="submit"><%= f.submit "Sign In" , :name => "commit", :class => "btn login-button" %></p>
    24: 				<div class="separator"></div>
    25: 				<p class="submit"><%= f.submit "Sign Up" , :name => "commit", :class => "btn login-button" %></p>
  app/views/layouts/application.html.erb:22:in `_app_views_layouts_application_html_erb__472494317_84443290'
  app/controllers/users_controller.rb:7:in `index'


Started GET "/users" for 146.155.115.3 at 2013-03-25 13:16:22 -0400
Processing by UsersController#index as HTML
  Rendered users/index.html.erb within layouts/application (0.4ms)
Completed 500 Internal Server Error in 15ms

ActionView::Template::Error (undefined local variable or method `root_path' for #<#<Class:0x9d47c00>:0x9e54f6c>):
    19: 				<p class="submit"><%= f.submit "Logout" , :name => "commit", :class => "btn login-button" %></p>
    20: 			<% end %>
    21: 		<% else %>
    22: 			<%= form_for(User.new, :url => root_path) do |f| %>
    23: 				<p class="submit"><%= f.submit "Sign In" , :name => "commit", :class => "btn login-button" %></p>
    24: 				<div class="separator"></div>
    25: 				<p class="submit"><%= f.submit "Sign Up" , :name => "commit", :class => "btn login-button" %></p>
  app/views/layouts/application.html.erb:22:in `_app_views_layouts_application_html_erb__472494317_84443290'
  app/controllers/users_controller.rb:7:in `index'


Started GET "/users" for 146.155.115.3 at 2013-03-25 13:16:22 -0400
Processing by UsersController#index as HTML
  Rendered users/index.html.erb within layouts/application (0.3ms)
Completed 500 Internal Server Error in 28ms

ActionView::Template::Error (undefined local variable or method `root_path' for #<#<Class:0x9d47c00>:0xa78c620>):
    19: 				<p class="submit"><%= f.submit "Logout" , :name => "commit", :class => "btn login-button" %></p>
    20: 			<% end %>
    21: 		<% else %>
    22: 			<%= form_for(User.new, :url => root_path) do |f| %>
    23: 				<p class="submit"><%= f.submit "Sign In" , :name => "commit", :class => "btn login-button" %></p>
    24: 				<div class="separator"></div>
    25: 				<p class="submit"><%= f.submit "Sign Up" , :name => "commit", :class => "btn login-button" %></p>
  app/views/layouts/application.html.erb:22:in `_app_views_layouts_application_html_erb__472494317_84443290'
  app/controllers/users_controller.rb:7:in `index'


Started GET "/" for 146.155.115.3 at 2013-03-25 13:16:23 -0400
Processing by HomeController#index as HTML
  Rendered home/index.html.erb within layouts/application (0.8ms)
Completed 500 Internal Server Error in 15ms

ActionView::Template::Error (undefined local variable or method `root_path' for #<#<Class:0x9d4a7d4>:0x9bf107c>):
    19: 				<p class="submit"><%= f.submit "Logout" , :name => "commit", :class => "btn login-button" %></p>
    20: 			<% end %>
    21: 		<% else %>
    22: 			<%= form_for(User.new, :url => root_path) do |f| %>
    23: 				<p class="submit"><%= f.submit "Sign In" , :name => "commit", :class => "btn login-button" %></p>
    24: 				<div class="separator"></div>
    25: 				<p class="submit"><%= f.submit "Sign Up" , :name => "commit", :class => "btn login-button" %></p>
  app/views/layouts/application.html.erb:22:in `_app_views_layouts_application_html_erb__472494317_84443290'
  app/controllers/home_controller.rb:19:in `index'


Started GET "/" for 146.155.115.3 at 2013-03-25 13:16:24 -0400
Processing by HomeController#index as HTML
  Rendered home/index.html.erb within layouts/application (0.7ms)
Completed 500 Internal Server Error in 13ms

ActionView::Template::Error (undefined local variable or method `root_path' for #<#<Class:0x9d4a7d4>:0xa85cf28>):
    19: 				<p class="submit"><%= f.submit "Logout" , :name => "commit", :class => "btn login-button" %></p>
    20: 			<% end %>
    21: 		<% else %>
    22: 			<%= form_for(User.new, :url => root_path) do |f| %>
    23: 				<p class="submit"><%= f.submit "Sign In" , :name => "commit", :class => "btn login-button" %></p>
    24: 				<div class="separator"></div>
    25: 				<p class="submit"><%= f.submit "Sign Up" , :name => "commit", :class => "btn login-button" %></p>
  app/views/layouts/application.html.erb:22:in `_app_views_layouts_application_html_erb__472494317_84443290'
  app/controllers/home_controller.rb:19:in `index'


Started GET "/" for 146.155.115.3 at 2013-03-25 13:16:24 -0400
Processing by HomeController#index as HTML
  Rendered home/index.html.erb within layouts/application (0.6ms)
Completed 500 Internal Server Error in 29ms

ActionView::Template::Error (undefined local variable or method `root_path' for #<#<Class:0x9d4a7d4>:0xa734894>):
    19: 				<p class="submit"><%= f.submit "Logout" , :name => "commit", :class => "btn login-button" %></p>
    20: 			<% end %>
    21: 		<% else %>
    22: 			<%= form_for(User.new, :url => root_path) do |f| %>
    23: 				<p class="submit"><%= f.submit "Sign In" , :name => "commit", :class => "btn login-button" %></p>
    24: 				<div class="separator"></div>
    25: 				<p class="submit"><%= f.submit "Sign Up" , :name => "commit", :class => "btn login-button" %></p>
  app/views/layouts/application.html.erb:22:in `_app_views_layouts_application_html_erb__472494317_84443290'
  app/controllers/home_controller.rb:19:in `index'


Started GET "/" for 146.155.115.3 at 2013-03-25 13:16:24 -0400
Processing by HomeController#index as HTML
  Rendered home/index.html.erb within layouts/application (0.6ms)
Completed 500 Internal Server Error in 14ms

ActionView::Template::Error (undefined local variable or method `root_path' for #<#<Class:0x9d4a7d4>:0x9d48fb0>):
    19: 				<p class="submit"><%= f.submit "Logout" , :name => "commit", :class => "btn login-button" %></p>
    20: 			<% end %>
    21: 		<% else %>
    22: 			<%= form_for(User.new, :url => root_path) do |f| %>
    23: 				<p class="submit"><%= f.submit "Sign In" , :name => "commit", :class => "btn login-button" %></p>
    24: 				<div class="separator"></div>
    25: 				<p class="submit"><%= f.submit "Sign Up" , :name => "commit", :class => "btn login-button" %></p>
  app/views/layouts/application.html.erb:22:in `_app_views_layouts_application_html_erb__472494317_84443290'
  app/controllers/home_controller.rb:19:in `index'


Started GET "/" for 146.155.115.3 at 2013-03-25 13:16:24 -0400
Processing by HomeController#index as HTML
  Rendered home/index.html.erb within layouts/application (0.6ms)
Completed 500 Internal Server Error in 29ms

ActionView::Template::Error (undefined local variable or method `root_path' for #<#<Class:0x9d4a7d4>:0x9aecf8c>):
    19: 				<p class="submit"><%= f.submit "Logout" , :name => "commit", :class => "btn login-button" %></p>
    20: 			<% end %>
    21: 		<% else %>
    22: 			<%= form_for(User.new, :url => root_path) do |f| %>
    23: 				<p class="submit"><%= f.submit "Sign In" , :name => "commit", :class => "btn login-button" %></p>
    24: 				<div class="separator"></div>
    25: 				<p class="submit"><%= f.submit "Sign Up" , :name => "commit", :class => "btn login-button" %></p>
  app/views/layouts/application.html.erb:22:in `_app_views_layouts_application_html_erb__472494317_84443290'
  app/controllers/home_controller.rb:19:in `index'


Started GET "/" for 146.155.115.3 at 2013-03-25 13:16:24 -0400
Processing by HomeController#index as HTML
  Rendered home/index.html.erb within layouts/application (0.6ms)
Completed 500 Internal Server Error in 14ms

ActionView::Template::Error (undefined local variable or method `root_path' for #<#<Class:0x9d4a7d4>:0x9fb02f8>):
    19: 				<p class="submit"><%= f.submit "Logout" , :name => "commit", :class => "btn login-button" %></p>
    20: 			<% end %>
    21: 		<% else %>
    22: 			<%= form_for(User.new, :url => root_path) do |f| %>
    23: 				<p class="submit"><%= f.submit "Sign In" , :name => "commit", :class => "btn login-button" %></p>
    24: 				<div class="separator"></div>
    25: 				<p class="submit"><%= f.submit "Sign Up" , :name => "commit", :class => "btn login-button" %></p>
  app/views/layouts/application.html.erb:22:in `_app_views_layouts_application_html_erb__472494317_84443290'
  app/controllers/home_controller.rb:19:in `index'


Started GET "/" for 146.155.115.3 at 2013-03-25 13:16:25 -0400
Processing by HomeController#index as HTML
  Rendered home/index.html.erb within layouts/application (0.6ms)
Completed 500 Internal Server Error in 13ms

ActionView::Template::Error (undefined local variable or method `root_path' for #<#<Class:0x9d4a7d4>:0x9c49100>):
    19: 				<p class="submit"><%= f.submit "Logout" , :name => "commit", :class => "btn login-button" %></p>
    20: 			<% end %>
    21: 		<% else %>
    22: 			<%= form_for(User.new, :url => root_path) do |f| %>
    23: 				<p class="submit"><%= f.submit "Sign In" , :name => "commit", :class => "btn login-button" %></p>
    24: 				<div class="separator"></div>
    25: 				<p class="submit"><%= f.submit "Sign Up" , :name => "commit", :class => "btn login-button" %></p>
  app/views/layouts/application.html.erb:22:in `_app_views_layouts_application_html_erb__472494317_84443290'
  app/controllers/home_controller.rb:19:in `index'


Started GET "/" for 146.155.115.3 at 2013-03-25 13:19:04 -0400
Processing by HomeController#index as HTML
  Rendered home/index.html.erb within layouts/application (0.9ms)
Completed 500 Internal Server Error in 31ms

ActionView::Template::Error (undefined local variable or method `root_path' for #<#<Class:0x9d4a7d4>:0xabfa0a4>):
    19: 				<p class="submit"><%= f.submit "Logout" , :name => "commit", :class => "btn login-button" %></p>
    20: 			<% end %>
    21: 		<% else %>
    22: 			<%= form_for(User.new, :url => root_path) do |f| %>
    23: 				<p class="submit"><%= f.submit "Sign In" , :name => "commit", :class => "btn login-button" %></p>
    24: 				<div class="separator"></div>
    25: 				<p class="submit"><%= f.submit "Sign Up" , :name => "commit", :class => "btn login-button" %></p>
  app/views/layouts/application.html.erb:22:in `_app_views_layouts_application_html_erb__472494317_84443290'
  app/controllers/home_controller.rb:19:in `index'


Started GET "/" for 146.155.115.3 at 2013-03-25 13:21:11 -0400
Processing by HomeController#index as HTML
  Rendered home/index.html.erb within layouts/application (0.8ms)
Completed 500 Internal Server Error in 15ms

ActionView::Template::Error (undefined local variable or method `root_path' for #<#<Class:0x9d4a7d4>:0x9d47cb4>):
    19: 				<p class="submit"><%= f.submit "Logout" , :name => "commit", :class => "btn login-button" %></p>
    20: 			<% end %>
    21: 		<% else %>
    22: 			<%= form_for(User.new, :url => root_path) do |f| %>
    23: 				<p class="submit"><%= f.submit "Sign In" , :name => "commit", :class => "btn login-button" %></p>
    24: 				<div class="separator"></div>
    25: 				<p class="submit"><%= f.submit "Sign Up" , :name => "commit", :class => "btn login-button" %></p>
  app/views/layouts/application.html.erb:22:in `_app_views_layouts_application_html_erb__472494317_84443290'
  app/controllers/home_controller.rb:19:in `index'


Started GET "/" for 146.155.115.3 at 2013-03-25 13:21:11 -0400
Processing by HomeController#index as HTML
  Rendered home/index.html.erb within layouts/application (0.7ms)
Completed 500 Internal Server Error in 14ms

ActionView::Template::Error (undefined local variable or method `root_path' for #<#<Class:0x9d4a7d4>:0xa78e510>):
    19: 				<p class="submit"><%= f.submit "Logout" , :name => "commit", :class => "btn login-button" %></p>
    20: 			<% end %>
    21: 		<% else %>
    22: 			<%= form_for(User.new, :url => root_path) do |f| %>
    23: 				<p class="submit"><%= f.submit "Sign In" , :name => "commit", :class => "btn login-button" %></p>
    24: 				<div class="separator"></div>
    25: 				<p class="submit"><%= f.submit "Sign Up" , :name => "commit", :class => "btn login-button" %></p>
  app/views/layouts/application.html.erb:22:in `_app_views_layouts_application_html_erb__472494317_84443290'
  app/controllers/home_controller.rb:19:in `index'


Started GET "/" for 146.155.115.3 at 2013-03-25 13:21:12 -0400
Processing by HomeController#index as HTML
  Rendered home/index.html.erb within layouts/application (0.7ms)
Completed 500 Internal Server Error in 30ms

ActionView::Template::Error (undefined local variable or method `root_path' for #<#<Class:0x9d4a7d4>:0xa82ad0c>):
    19: 				<p class="submit"><%= f.submit "Logout" , :name => "commit", :class => "btn login-button" %></p>
    20: 			<% end %>
    21: 		<% else %>
    22: 			<%= form_for(User.new, :url => root_path) do |f| %>
    23: 				<p class="submit"><%= f.submit "Sign In" , :name => "commit", :class => "btn login-button" %></p>
    24: 				<div class="separator"></div>
    25: 				<p class="submit"><%= f.submit "Sign Up" , :name => "commit", :class => "btn login-button" %></p>
  app/views/layouts/application.html.erb:22:in `_app_views_layouts_application_html_erb__472494317_84443290'
  app/controllers/home_controller.rb:19:in `index'


Started GET "/" for 146.155.115.3 at 2013-03-25 13:21:12 -0400
Processing by HomeController#index as HTML
  Rendered home/index.html.erb within layouts/application (0.6ms)
Completed 500 Internal Server Error in 14ms

ActionView::Template::Error (undefined local variable or method `root_path' for #<#<Class:0x9d4a7d4>:0xa98c6a0>):
    19: 				<p class="submit"><%= f.submit "Logout" , :name => "commit", :class => "btn login-button" %></p>
    20: 			<% end %>
    21: 		<% else %>
    22: 			<%= form_for(User.new, :url => root_path) do |f| %>
    23: 				<p class="submit"><%= f.submit "Sign In" , :name => "commit", :class => "btn login-button" %></p>
    24: 				<div class="separator"></div>
    25: 				<p class="submit"><%= f.submit "Sign Up" , :name => "commit", :class => "btn login-button" %></p>
  app/views/layouts/application.html.erb:22:in `_app_views_layouts_application_html_erb__472494317_84443290'
  app/controllers/home_controller.rb:19:in `index'


Started GET "/" for 146.155.115.3 at 2013-03-25 13:21:13 -0400
Processing by HomeController#index as HTML
  Rendered home/index.html.erb within layouts/application (0.7ms)
Completed 500 Internal Server Error in 29ms

ActionView::Template::Error (undefined local variable or method `root_path' for #<#<Class:0x9d4a7d4>:0xab9cb0c>):
    19: 				<p class="submit"><%= f.submit "Logout" , :name => "commit", :class => "btn login-button" %></p>
    20: 			<% end %>
    21: 		<% else %>
    22: 			<%= form_for(User.new, :url => root_path) do |f| %>
    23: 				<p class="submit"><%= f.submit "Sign In" , :name => "commit", :class => "btn login-button" %></p>
    24: 				<div class="separator"></div>
    25: 				<p class="submit"><%= f.submit "Sign Up" , :name => "commit", :class => "btn login-button" %></p>
  app/views/layouts/application.html.erb:22:in `_app_views_layouts_application_html_erb__472494317_84443290'
  app/controllers/home_controller.rb:19:in `index'


Started GET "/" for 146.155.115.3 at 2013-03-25 13:21:13 -0400
Processing by HomeController#index as HTML
  Rendered home/index.html.erb within layouts/application (0.6ms)
Completed 500 Internal Server Error in 13ms

ActionView::Template::Error (undefined local variable or method `root_path' for #<#<Class:0x9d4a7d4>:0x9692824>):
    19: 				<p class="submit"><%= f.submit "Logout" , :name => "commit", :class => "btn login-button" %></p>
    20: 			<% end %>
    21: 		<% else %>
    22: 			<%= form_for(User.new, :url => root_path) do |f| %>
    23: 				<p class="submit"><%= f.submit "Sign In" , :name => "commit", :class => "btn login-button" %></p>
    24: 				<div class="separator"></div>
    25: 				<p class="submit"><%= f.submit "Sign Up" , :name => "commit", :class => "btn login-button" %></p>
  app/views/layouts/application.html.erb:22:in `_app_views_layouts_application_html_erb__472494317_84443290'
  app/controllers/home_controller.rb:19:in `index'


Started GET "/" for 146.155.115.3 at 2013-03-25 13:21:13 -0400
Processing by HomeController#index as HTML
  Rendered home/index.html.erb within layouts/application (0.6ms)
Completed 500 Internal Server Error in 14ms

ActionView::Template::Error (undefined local variable or method `root_path' for #<#<Class:0x9d4a7d4>:0x9aef098>):
    19: 				<p class="submit"><%= f.submit "Logout" , :name => "commit", :class => "btn login-button" %></p>
    20: 			<% end %>
    21: 		<% else %>
    22: 			<%= form_for(User.new, :url => root_path) do |f| %>
    23: 				<p class="submit"><%= f.submit "Sign In" , :name => "commit", :class => "btn login-button" %></p>
    24: 				<div class="separator"></div>
    25: 				<p class="submit"><%= f.submit "Sign Up" , :name => "commit", :class => "btn login-button" %></p>
  app/views/layouts/application.html.erb:22:in `_app_views_layouts_application_html_erb__472494317_84443290'
  app/controllers/home_controller.rb:19:in `index'


Connecting to database specified by database.yml
Started GET "/" for 146.155.115.3 at 2013-03-25 13:21:47 -0400
Processing by HomeController#index as HTML
  Rendered home/index.html.erb within layouts/application (41.4ms)
Compiled jquery.js  (2ms)  (pid 26835)
Compiled jquery_ujs.js  (0ms)  (pid 26835)
Compiled bootstrap.js  (0ms)  (pid 26835)
Compiled bootstrap.min.js  (0ms)  (pid 26835)
Compiled events.js  (171ms)  (pid 26835)
Compiled home.js  (124ms)  (pid 26835)
Compiled up_files.js  (123ms)  (pid 26835)
Compiled users.js  (125ms)  (pid 26835)
Compiled application.js  (657ms)  (pid 26835)
Completed 200 OK in 3893ms (Views: 3890.9ms | ActiveRecord: 1.9ms)
Started GET "/assets/application-08d3f6d86a3b0b492cefa038c8e529ae.css" for 146.155.115.3 at 2013-03-25 13:21:51 -0400
Served asset /application-08d3f6d86a3b0b492cefa038c8e529ae.css - 200 OK (0ms)
Started GET "/assets/application-2b4bd1088621f92c627e70787e9101d8.js" for 146.155.115.3 at 2013-03-25 13:21:51 -0400
Served asset /application-2b4bd1088621f92c627e70787e9101d8.js - 200 OK (11ms)
Started GET "/" for 146.155.115.3 at 2013-03-25 13:21:55 -0400
Processing by HomeController#index as HTML
  Rendered home/index.html.erb within layouts/application (54.9ms)
Completed 200 OK in 93ms (Views: 78.7ms | ActiveRecord: 14.2ms)
Started POST "/" for 146.155.115.3 at 2013-03-25 13:22:03 -0400
Processing by HomeController#index as HTML
  Parameters: {"utf8"=>"✓", "authenticity_token"=>"88cSBIhJ0gxCtj9X0rD+k5v6tyzUA4PQA3A7JoFI6kU=", "commit"=>"Sign In"}
  Rendered home/index.html.erb within layouts/application (1.0ms)
Completed 200 OK in 4ms (Views: 3.7ms | ActiveRecord: 0.0ms)
Started POST "/" for 146.155.115.3 at 2013-03-25 13:22:10 -0400
Processing by HomeController#index as HTML
  Parameters: {"utf8"=>"✓", "authenticity_token"=>"88cSBIhJ0gxCtj9X0rD+k5v6tyzUA4PQA3A7JoFI6kU=", "commit"=>"Sign Up"}
Redirected to http://desaweb1.ing.puc.cl/users/new
Completed 302 Found in 0ms (ActiveRecord: 0.0ms)
Started GET "/users/new" for 146.155.115.3 at 2013-03-25 13:22:10 -0400
Processing by UsersController#new as HTML
  Rendered users/_form.html.erb (8.0ms)
  Rendered users/new.html.erb within layouts/application (12.2ms)
Completed 200 OK in 16ms (Views: 15.5ms | ActiveRecord: 0.0ms)
Started POST "/" for 146.155.115.3 at 2013-03-25 13:22:15 -0400
Processing by HomeController#index as HTML
  Parameters: {"utf8"=>"✓", "authenticity_token"=>"88cSBIhJ0gxCtj9X0rD+k5v6tyzUA4PQA3A7JoFI6kU=", "commit"=>"Sign Up"}
Redirected to http://desaweb1.ing.puc.cl/users/new
Completed 302 Found in 0ms (ActiveRecord: 0.0ms)
Started GET "/users/new" for 146.155.115.3 at 2013-03-25 13:22:15 -0400
Processing by UsersController#new as HTML
  Rendered users/_form.html.erb (2.5ms)
  Rendered users/new.html.erb within layouts/application (2.9ms)
Completed 200 OK in 5ms (Views: 5.0ms | ActiveRecord: 0.0ms)
Started GET "/users" for 146.155.115.3 at 2013-03-25 13:22:18 -0400
Processing by UsersController#index as HTML
  Rendered users/index.html.erb within layouts/application (1.0ms)
Completed 200 OK in 5ms (Views: 3.8ms | ActiveRecord: 0.2ms)
Started GET "/users/new" for 146.155.115.3 at 2013-03-25 13:22:20 -0400
Processing by UsersController#new as HTML
  Rendered users/_form.html.erb (2.7ms)
  Rendered users/new.html.erb within layouts/application (3.2ms)
Completed 200 OK in 6ms (Views: 5.2ms | ActiveRecord: 0.0ms)
Started POST "/users" for 146.155.115.3 at 2013-03-25 13:22:27 -0400
Processing by UsersController#create as HTML
  Parameters: {"utf8"=>"✓", "authenticity_token"=>"1BzySerrEHobMDE98uM9PAJ2S8gaL45AObxNpbM+2NQ=", "user"=>{"mail"=>"timartin@uc.cl", "password"=>"[FILTERED]", "password_confirmation"=>"[FILTERED]"}, "commit"=>"Create User"}
Completed 500 Internal Server Error in 161ms

NameError (undefined local variable or method `root_path' for #<UsersController:0xa28a500>):
  app/controllers/users_controller.rb:50:in `block (2 levels) in create'
  app/controllers/users_controller.rb:45:in `create'


Started GET "/users" for 146.155.115.3 at 2013-03-25 13:22:31 -0400
Processing by UsersController#index as HTML
  Rendered users/index.html.erb within layouts/application (1.5ms)
Completed 200 OK in 5ms (Views: 4.0ms | ActiveRecord: 0.2ms)
Started POST "/users" for 146.155.115.3 at 2013-03-25 13:22:33 -0400
Processing by UsersController#create as HTML
  Parameters: {"utf8"=>"✓", "authenticity_token"=>"88cSBIhJ0gxCtj9X0rD+k5v6tyzUA4PQA3A7JoFI6kU=", "user"=>{"mail"=>"chocro@gmail.com", "password"=>"[FILTERED]", "password_confirmation"=>"[FILTERED]"}, "commit"=>"Create User"}
Completed 500 Internal Server Error in 92ms

NameError (undefined local variable or method `root_path' for #<UsersController:0x972e0e4>):
  app/controllers/users_controller.rb:50:in `block (2 levels) in create'
  app/controllers/users_controller.rb:45:in `create'


Started DELETE "/users/1" for 146.155.115.3 at 2013-03-25 13:22:34 -0400
Processing by UsersController#destroy as HTML
  Parameters: {"authenticity_token"=>"1BzySerrEHobMDE98uM9PAJ2S8gaL45AObxNpbM+2NQ=", "id"=>"1"}
Redirected to http://desaweb1.ing.puc.cl/users
Completed 302 Found in 91ms (ActiveRecord: 88.3ms)
Started GET "/users" for 146.155.115.3 at 2013-03-25 13:22:34 -0400
Processing by UsersController#index as HTML
  Rendered users/index.html.erb within layouts/application (1.1ms)
Completed 200 OK in 4ms (Views: 3.4ms | ActiveRecord: 0.1ms)
Connecting to database specified by database.yml
Started GET "/" for 146.155.115.3 at 2013-03-25 13:23:54 -0400
Processing by HomeController#index as HTML
  Rendered home/index.html.erb within layouts/application (41.0ms)
Completed 200 OK in 105ms (Views: 102.4ms | ActiveRecord: 1.8ms)
Started POST "/" for 146.155.115.3 at 2013-03-25 13:23:57 -0400
Processing by HomeController#index as HTML
  Parameters: {"utf8"=>"✓", "authenticity_token"=>"1BzySerrEHobMDE98uM9PAJ2S8gaL45AObxNpbM+2NQ=", "mail"=>"", "password"=>"[FILTERED]", "commit"=>"Sign Up"}
Redirected to http://desaweb1.ing.puc.cl/users/new
Completed 302 Found in 0ms (ActiveRecord: 0.0ms)
Started GET "/users/new" for 146.155.115.3 at 2013-03-25 13:23:57 -0400
Processing by UsersController#new as HTML
  Rendered users/_form.html.erb (8.2ms)
  Rendered users/new.html.erb within layouts/application (11.6ms)
Completed 200 OK in 15ms (Views: 14.7ms | ActiveRecord: 0.0ms)
Started POST "/users" for 146.155.115.3 at 2013-03-25 13:24:05 -0400
Processing by UsersController#create as HTML
  Parameters: {"utf8"=>"✓", "authenticity_token"=>"1BzySerrEHobMDE98uM9PAJ2S8gaL45AObxNpbM+2NQ=", "user"=>{"mail"=>"timartin@uc.cl", "password"=>"[FILTERED]", "password_confirmation"=>"[FILTERED]"}, "commit"=>"Create User"}
Redirected to http://desaweb1.ing.puc.cl/
Completed 302 Found in 126ms (ActiveRecord: 89.9ms)
Started GET "/" for 146.155.115.3 at 2013-03-25 13:24:06 -0400
Processing by HomeController#index as HTML
  Rendered home/index.html.erb within layouts/application (0.1ms)
Completed 200 OK in 3ms (Views: 2.5ms | ActiveRecord: 0.0ms)
Started POST "/users" for 146.155.115.3 at 2013-03-25 13:24:13 -0400
Processing by UsersController#create as HTML
  Parameters: {"utf8"=>"✓", "authenticity_token"=>"88cSBIhJ0gxCtj9X0rD+k5v6tyzUA4PQA3A7JoFI6kU=", "user"=>{"mail"=>"chocro@gmail.com", "password"=>"[FILTERED]", "password_confirmation"=>"[FILTERED]"}, "commit"=>"Create User"}
  Rendered users/_form.html.erb (3.7ms)
  Rendered users/new.html.erb within layouts/application (4.2ms)
Completed 200 OK in 10ms (Views: 6.5ms | ActiveRecord: 0.3ms)
Started POST "/" for 146.155.115.3 at 2013-03-25 13:24:16 -0400
Processing by HomeController#index as HTML
  Parameters: {"utf8"=>"✓", "authenticity_token"=>"88cSBIhJ0gxCtj9X0rD+k5v6tyzUA4PQA3A7JoFI6kU=", "commit"=>"Sign In"}
  Rendered home/index.html.erb within layouts/application (0.7ms)
Completed 200 OK in 3ms (Views: 3.1ms | ActiveRecord: 0.0ms)
Started POST "/" for 146.155.115.3 at 2013-03-25 13:24:21 -0400
Processing by HomeController#index as HTML
  Parameters: {"utf8"=>"✓", "authenticity_token"=>"88cSBIhJ0gxCtj9X0rD+k5v6tyzUA4PQA3A7JoFI6kU=", "mail"=>"chocro@gmail.com", "password"=>"[FILTERED]", "commit"=>"Login"}
  Rendered home/index.html.erb within layouts/application (0.7ms)
Completed 200 OK in 28ms (Views: 3.3ms | ActiveRecord: 0.3ms)
